{"numTotalTestSuites":305,"numPassedTestSuites":305,"numFailedTestSuites":0,"numPendingTestSuites":0,"numTotalTests":716,"numPassedTests":711,"numFailedTests":5,"numPendingTests":0,"numTodoTests":0,"startTime":1781085807524,"success":false,"testResults":[{"assertionResults":[{"ancestorTitles":["","AchievementManager","constructor()"],"fullName":" AchievementManager constructor() 应该需要 EventBus 实例","status":"passed","title":"应该需要 EventBus 实例","duration":23,"failureMessages":[]},{"ancestorTitles":["","AchievementManager","constructor()"],"fullName":" AchievementManager constructor() 应该需要 GameState 实例","status":"passed","title":"应该需要 GameState 实例","duration":1,"failureMessages":[]},{"ancestorTitles":["","AchievementManager","checkAll()"],"fullName":" AchievementManager checkAll() 应该在条件满足时解锁成就","status":"passed","title":"应该在条件满足时解锁成就","duration":37,"failureMessages":[]},{"ancestorTitles":["","AchievementManager","checkAll()"],"fullName":" AchievementManager checkAll() 应该在条件不满足时不解锁成就","status":"passed","title":"应该在条件不满足时不解锁成就","duration":2,"failureMessages":[]},{"ancestorTitles":["","AchievementManager","checkAll()"],"fullName":" AchievementManager checkAll() 应该避免重复解锁","status":"passed","title":"应该避免重复解锁","duration":12,"failureMessages":[]},{"ancestorTitles":["","AchievementManager","checkAll()"],"fullName":" AchievementManager checkAll() 应该解锁多个符合条件的成就","status":"passed","title":"应该解锁多个符合条件的成就","duration":1,"failureMessages":[]},{"ancestorTitles":["","AchievementManager","奖励发放"],"fullName":" AchievementManager 奖励发放 应该在解锁成就时解锁赛道","status":"passed","title":"应该在解锁成就时解锁赛道","duration":13,"failureMessages":[]},{"ancestorTitles":["","AchievementManager","奖励发放"],"fullName":" AchievementManager 奖励发放 应该在解锁成就时发放金币","status":"passed","title":"应该在解锁成就时发放金币","duration":1,"failureMessages":[]},{"ancestorTitles":["","AchievementManager","奖励发放"],"fullName":" AchievementManager 奖励发放 应该避免重复解锁赛道","status":"passed","title":"应该避免重复解锁赛道","duration":14,"failureMessages":[]},{"ancestorTitles":["","AchievementManager","事件发送"],"fullName":" AchievementManager 事件发送 应该在解锁成就时发送 ACHIEVEMENT_UNLOCKED 事件","status":"passed","title":"应该在解锁成就时发送 ACHIEVEMENT_UNLOCKED 事件","duration":49,"failureMessages":[]},{"ancestorTitles":["","AchievementManager","事件发送"],"fullName":" AchievementManager 事件发送 应该在不解锁成就时不发送事件","status":"passed","title":"应该在不解锁成就时不发送事件","duration":17,"failureMessages":[]},{"ancestorTitles":["","AchievementManager","getAllStatus()"],"fullName":" AchievementManager getAllStatus() 应该返回所有成就及其解锁状态","status":"passed","title":"应该返回所有成就及其解锁状态","duration":15,"failureMessages":[]},{"ancestorTitles":["","AchievementManager","getAllStatus()"],"fullName":" AchievementManager getAllStatus() 应该包含成就进度","status":"passed","title":"应该包含成就进度","duration":12,"failureMessages":[]},{"ancestorTitles":["","AchievementManager","getAllStatus()"],"fullName":" AchievementManager getAllStatus() 应该将已解锁的成就排在前面","status":"passed","title":"应该将已解锁的成就排在前面","duration":12,"failureMessages":[]},{"ancestorTitles":["","AchievementManager","错误处理"],"fullName":" AchievementManager 错误处理 应该处理成就检查函数抛出的错误","status":"passed","title":"应该处理成就检查函数抛出的错误","duration":1,"failureMessages":[]},{"ancestorTitles":["","AchievementManager","错误处理"],"fullName":" AchievementManager 错误处理 应该处理无效的 GameState 数据","status":"passed","title":"应该处理无效的 GameState 数据","duration":0,"failureMessages":[]}],"startTime":1781085831135,"endTime":1781085831347,"status":"passed","message":"","name":"D:/CC/vibe-coding/word-racing/tests/achievement-manager.test.js"},{"assertionResults":[{"ancestorTitles":["","AchievementPanel - 成就面板 (Phase 3.5)","显示/隐藏"],"fullName":" AchievementPanel - 成就面板 (Phase 3.5) 显示/隐藏 点击成就按钮应显示面板","status":"passed","title":"点击成就按钮应显示面板","duration":580,"failureMessages":[]},{"ancestorTitles":["","AchievementPanel - 成就面板 (Phase 3.5)","显示/隐藏"],"fullName":" AchievementPanel - 成就面板 (Phase 3.5) 显示/隐藏 点击关闭按钮应隐藏面板","status":"passed","title":"点击关闭按钮应隐藏面板","duration":432,"failureMessages":[]},{"ancestorTitles":["","AchievementPanel - 成就面板 (Phase 3.5)","成就列表渲染"],"fullName":" AchievementPanel - 成就面板 (Phase 3.5) 成就列表渲染 应调用 learningController.getAchievements()","status":"passed","title":"应调用 learningController.getAchievements()","duration":197,"failureMessages":[]},{"ancestorTitles":["","AchievementPanel - 成就面板 (Phase 3.5)","成就列表渲染"],"fullName":" AchievementPanel - 成就面板 (Phase 3.5) 成就列表渲染 应渲染所有成就","status":"passed","title":"应渲染所有成就","duration":251,"failureMessages":[]},{"ancestorTitles":["","AchievementPanel - 成就面板 (Phase 3.5)","成就列表渲染"],"fullName":" AchievementPanel - 成就面板 (Phase 3.5) 成就列表渲染 已解锁成就应显示 🏆 图标","status":"passed","title":"已解锁成就应显示 🏆 图标","duration":223,"failureMessages":[]},{"ancestorTitles":["","AchievementPanel - 成就面板 (Phase 3.5)","成就列表渲染"],"fullName":" AchievementPanel - 成就面板 (Phase 3.5) 成就列表渲染 未解锁成就应显示 🔒 图标","status":"passed","title":"未解锁成就应显示 🔒 图标","duration":301,"failureMessages":[]},{"ancestorTitles":["","AchievementPanel - 成就面板 (Phase 3.5)","成就列表渲染"],"fullName":" AchievementPanel - 成就面板 (Phase 3.5) 成就列表渲染 已解锁成就应有 unlocked 类","status":"passed","title":"已解锁成就应有 unlocked 类","duration":299,"failureMessages":[]},{"ancestorTitles":["","AchievementPanel - 成就面板 (Phase 3.5)","成就列表渲染"],"fullName":" AchievementPanel - 成就面板 (Phase 3.5) 成就列表渲染 有进度的成就应显示进度条","status":"passed","title":"有进度的成就应显示进度条","duration":233,"failureMessages":[]},{"ancestorTitles":["","AchievementPanel - 成就面板 (Phase 3.5)","成就列表渲染"],"fullName":" AchievementPanel - 成就面板 (Phase 3.5) 成就列表渲染 进度条应显示 current/target 文字","status":"passed","title":"进度条应显示 current/target 文字","duration":169,"failureMessages":[]},{"ancestorTitles":["","AchievementPanel - 成就面板 (Phase 3.5)","成就列表渲染"],"fullName":" AchievementPanel - 成就面板 (Phase 3.5) 成就列表渲染 已解锁成就应排在前面","status":"passed","title":"已解锁成就应排在前面","duration":265,"failureMessages":[]},{"ancestorTitles":["","AchievementPanel - 成就面板 (Phase 3.5)","空状态"],"fullName":" AchievementPanel - 成就面板 (Phase 3.5) 空状态 无成就时应显示提示","status":"passed","title":"无成就时应显示提示","duration":123,"failureMessages":[]}],"startTime":1781085832622,"endTime":1781085835698,"status":"passed","message":"","name":"D:/CC/vibe-coding/word-racing/tests/achievement-panel.test.js"},{"assertionResults":[{"ancestorTitles":["","AchievementToast - 成就提示 (Phase 3.3)","mount 和事件监听"],"fullName":" AchievementToast - 成就提示 (Phase 3.3) mount 和事件监听 mount 后应创建 toast-container","status":"passed","title":"mount 后应创建 toast-container","duration":170,"failureMessages":[]},{"ancestorTitles":["","AchievementToast - 成就提示 (Phase 3.3)","mount 和事件监听"],"fullName":" AchievementToast - 成就提示 (Phase 3.3) mount 和事件监听 应订阅 ACHIEVEMENT_UNLOCKED 事件","status":"passed","title":"应订阅 ACHIEVEMENT_UNLOCKED 事件","duration":246,"failureMessages":[]},{"ancestorTitles":["","AchievementToast - 成就提示 (Phase 3.3)","Toast 显示"],"fullName":" AchievementToast - 成就提示 (Phase 3.3) Toast 显示 应显示成就名称","status":"passed","title":"应显示成就名称","duration":232,"failureMessages":[]},{"ancestorTitles":["","AchievementToast - 成就提示 (Phase 3.3)","Toast 显示"],"fullName":" AchievementToast - 成就提示 (Phase 3.3) Toast 显示 应显示成就描述","status":"passed","title":"应显示成就描述","duration":93,"failureMessages":[]},{"ancestorTitles":["","AchievementToast - 成就提示 (Phase 3.3)","Toast 显示"],"fullName":" AchievementToast - 成就提示 (Phase 3.3) Toast 显示 应显示奖励（赛道图标）","status":"passed","title":"应显示奖励（赛道图标）","duration":87,"failureMessages":[]},{"ancestorTitles":["","AchievementToast - 成就提示 (Phase 3.3)","Toast 显示"],"fullName":" AchievementToast - 成就提示 (Phase 3.3) Toast 显示 应显示奖励（金币）","status":"passed","title":"应显示奖励（金币）","duration":107,"failureMessages":[]},{"ancestorTitles":["","AchievementToast - 成就提示 (Phase 3.3)","Toast 显示"],"fullName":" AchievementToast - 成就提示 (Phase 3.3) Toast 显示 Toast 应有 trophy 图标","status":"passed","title":"Toast 应有 trophy 图标","duration":130,"failureMessages":[]},{"ancestorTitles":["","AchievementToast - 成就提示 (Phase 3.3)","自动消失"],"fullName":" AchievementToast - 成就提示 (Phase 3.3) 自动消失 Toast 应在 3 秒后自动移除","status":"passed","title":"Toast 应在 3 秒后自动移除","duration":171,"failureMessages":[]},{"ancestorTitles":["","AchievementToast - 成就提示 (Phase 3.3)","自动消失"],"fullName":" AchievementToast - 成就提示 (Phase 3.3) 自动消失 多个 Toast 应堆叠显示","status":"passed","title":"多个 Toast 应堆叠显示","duration":132,"failureMessages":[]},{"ancestorTitles":["","AchievementToast - 成就提示 (Phase 3.3)","自动消失"],"fullName":" AchievementToast - 成就提示 (Phase 3.3) 自动消失 多个 Toast 应按顺序消失","status":"passed","title":"多个 Toast 应按顺序消失","duration":107,"failureMessages":[]},{"ancestorTitles":["","AchievementToast - 成就提示 (Phase 3.3)","unmount 清理"],"fullName":" AchievementToast - 成就提示 (Phase 3.3) unmount 清理 unmount 后应不再响应事件","status":"passed","title":"unmount 后应不再响应事件","duration":42,"failureMessages":[]}],"startTime":1781085823883,"endTime":1781085825438,"status":"passed","message":"","name":"D:/CC/vibe-coding/word-racing/tests/achievement-toast.test.js"},{"assertionResults":[{"ancestorTitles":["","Achievements Config","成就定义完整性"],"fullName":" Achievements Config 成就定义完整性 应该定义所有必需字段","status":"passed","title":"应该定义所有必需字段","duration":14,"failureMessages":[]},{"ancestorTitles":["","Achievements Config","成就定义完整性"],"fullName":" Achievements Config 成就定义完整性 ID 应该唯一","status":"passed","title":"ID 应该唯一","duration":1,"failureMessages":[]},{"ancestorTitles":["","Achievements Config","成就定义完整性"],"fullName":" Achievements Config 成就定义完整性 name 和 description 应该是非空字符串","status":"passed","title":"name 和 description 应该是非空字符串","duration":8,"failureMessages":[]},{"ancestorTitles":["","Achievements Config","成就定义完整性"],"fullName":" Achievements Config 成就定义完整性 check 应该是函数","status":"passed","title":"check 应该是函数","duration":1,"failureMessages":[]},{"ancestorTitles":["","Achievements Config","成就定义完整性"],"fullName":" Achievements Config 成就定义完整性 reward 应该包含 track 或 fuelCoins","status":"passed","title":"reward 应该包含 track 或 fuelCoins","duration":1,"failureMessages":[]},{"ancestorTitles":["","Achievements Config","成就检查逻辑"],"fullName":" Achievements Config 成就检查逻辑 first-quiz: 完成1套题应该返回 true","status":"passed","title":"first-quiz: 完成1套题应该返回 true","duration":0,"failureMessages":[]},{"ancestorTitles":["","Achievements Config","成就检查逻辑"],"fullName":" Achievements Config 成就检查逻辑 first-quiz: 未完成套题应该返回 false","status":"passed","title":"first-quiz: 未完成套题应该返回 false","duration":1,"failureMessages":[]},{"ancestorTitles":["","Achievements Config","成就检查逻辑"],"fullName":" Achievements Config 成就检查逻辑 quiz-master-10: 完成10套题应该返回 true","status":"passed","title":"quiz-master-10: 完成10套题应该返回 true","duration":7,"failureMessages":[]},{"ancestorTitles":["","Achievements Config","成就检查逻辑"],"fullName":" Achievements Config 成就检查逻辑 word-collector-50: 掌握50个单词应该返回 true","status":"passed","title":"word-collector-50: 掌握50个单词应该返回 true","duration":1,"failureMessages":[]},{"ancestorTitles":["","Achievements Config","奖励配置"],"fullName":" Achievements Config 奖励配置 track 奖励应该是有效字符串","status":"passed","title":"track 奖励应该是有效字符串","duration":0,"failureMessages":[]},{"ancestorTitles":["","Achievements Config","奖励配置"],"fullName":" Achievements Config 奖励配置 fuelCoins 奖励应该是正数","status":"passed","title":"fuelCoins 奖励应该是正数","duration":5,"failureMessages":[]}],"startTime":1781085843056,"endTime":1781085843101,"status":"passed","message":"","name":"D:/CC/vibe-coding/word-racing/tests/achievements.test.js"},{"assertionResults":[{"ancestorTitles":["","AdaptiveSelector","basic selection"],"fullName":" AdaptiveSelector basic selection should return requested number of questions","status":"passed","title":"should return requested number of questions","duration":9,"failureMessages":[]},{"ancestorTitles":["","AdaptiveSelector","basic selection"],"fullName":" AdaptiveSelector basic selection should return questions with required fields","status":"passed","title":"should return questions with required fields","duration":2,"failureMessages":[]},{"ancestorTitles":["","AdaptiveSelector","basic selection"],"fullName":" AdaptiveSelector basic selection should emit QUIZ_BUILT event","status":"passed","title":"should emit QUIZ_BUILT event","duration":6,"failureMessages":[]},{"ancestorTitles":["","AdaptiveSelector","basic selection"],"fullName":" AdaptiveSelector basic selection should respect maxLevel parameter","status":"passed","title":"should respect maxLevel parameter","duration":2,"failureMessages":[]},{"ancestorTitles":["","AdaptiveSelector","basic selection"],"fullName":" AdaptiveSelector basic selection should not duplicate words in single quiz","status":"passed","title":"should not duplicate words in single quiz","duration":0,"failureMessages":[]},{"ancestorTitles":["","AdaptiveSelector","review word selection"],"fullName":" AdaptiveSelector review word selection should prioritize wrong words","status":"passed","title":"should prioritize wrong words","duration":1,"failureMessages":[]},{"ancestorTitles":["","AdaptiveSelector","review word selection"],"fullName":" AdaptiveSelector review word selection should limit review words to MAX_REVIEW_PER_QUIZ","status":"passed","title":"should limit review words to MAX_REVIEW_PER_QUIZ","duration":2,"failureMessages":[]},{"ancestorTitles":["","AdaptiveSelector","review word selection"],"fullName":" AdaptiveSelector review word selection should emit REVIEW_WORDS_SELECTED event","status":"passed","title":"should emit REVIEW_WORDS_SELECTED event","duration":2,"failureMessages":[]},{"ancestorTitles":["","AdaptiveSelector","review word selection"],"fullName":" AdaptiveSelector review word selection should select appropriate mode for wrong word","status":"passed","title":"should select appropriate mode for wrong word","duration":1,"failureMessages":[]},{"ancestorTitles":["","AdaptiveSelector","check word selection"],"fullName":" AdaptiveSelector check word selection should select simple mode for complex_passed words","status":"passed","title":"should select simple mode for complex_passed words","duration":2,"failureMessages":[]},{"ancestorTitles":["","AdaptiveSelector","check word selection"],"fullName":" AdaptiveSelector check word selection should select complex mode for simple_passed words","status":"passed","title":"should select complex mode for simple_passed words","duration":1,"failureMessages":[]},{"ancestorTitles":["","AdaptiveSelector","check word selection"],"fullName":" AdaptiveSelector check word selection should not include mastered words in check","status":"passed","title":"should not include mastered words in check","duration":2,"failureMessages":[]},{"ancestorTitles":["","AdaptiveSelector","new word selection"],"fullName":" AdaptiveSelector new word selection should select unlearned words for new slots","status":"passed","title":"should select unlearned words for new slots","duration":1,"failureMessages":[]},{"ancestorTitles":["","AdaptiveSelector","new word selection"],"fullName":" AdaptiveSelector new word selection should prefer lower level words","status":"passed","title":"should prefer lower level words","duration":1,"failureMessages":[]},{"ancestorTitles":["","AdaptiveSelector","new word selection"],"fullName":" AdaptiveSelector new word selection should use simple mode for new words","status":"passed","title":"should use simple mode for new words","duration":1,"failureMessages":[]},{"ancestorTitles":["","AdaptiveSelector","question distribution"],"fullName":" AdaptiveSelector question distribution should distribute questions correctly","status":"passed","title":"should distribute questions correctly","duration":1,"failureMessages":[]},{"ancestorTitles":["","AdaptiveSelector","question distribution"],"fullName":" AdaptiveSelector question distribution should not have consecutive review questions","status":"passed","title":"should not have consecutive review questions","duration":0,"failureMessages":[]},{"ancestorTitles":["","AdaptiveSelector","statistics methods"],"fullName":" AdaptiveSelector statistics methods should return correct selection stats","status":"passed","title":"should return correct selection stats","duration":1,"failureMessages":[]},{"ancestorTitles":["","AdaptiveSelector","statistics methods"],"fullName":" AdaptiveSelector statistics methods should preview next quiz correctly","status":"passed","title":"should preview next quiz correctly","duration":0,"failureMessages":[]},{"ancestorTitles":["","AdaptiveSelector","edge cases"],"fullName":" AdaptiveSelector edge cases should handle empty wordset","status":"passed","title":"should handle empty wordset","duration":1,"failureMessages":[]},{"ancestorTitles":["","AdaptiveSelector","edge cases"],"fullName":" AdaptiveSelector edge cases should handle small wordset","status":"passed","title":"should handle small wordset","duration":0,"failureMessages":[]},{"ancestorTitles":["","AdaptiveSelector","edge cases"],"fullName":" AdaptiveSelector edge cases should handle all words mastered","status":"passed","title":"should handle all words mastered","duration":1,"failureMessages":[]},{"ancestorTitles":["","AdaptiveSelector","edge cases"],"fullName":" AdaptiveSelector edge cases should handle all words wrong","status":"passed","title":"should handle all words wrong","duration":1,"failureMessages":[]},{"ancestorTitles":["","AdaptiveSelector","edge cases"],"fullName":" AdaptiveSelector edge cases should handle useChinese option","status":"passed","title":"should handle useChinese option","duration":0,"failureMessages":[]},{"ancestorTitles":["","AdaptiveSelector","edge cases"],"fullName":" AdaptiveSelector edge cases should handle question creation failure gracefully","status":"passed","title":"should handle question creation failure gracefully","duration":1,"failureMessages":[]},{"ancestorTitles":["","AdaptiveSelector","configuration methods"],"fullName":" AdaptiveSelector configuration methods should update wordset","status":"passed","title":"should update wordset","duration":1,"failureMessages":[]},{"ancestorTitles":["","AdaptiveSelector","configuration methods"],"fullName":" AdaptiveSelector configuration methods should update maxLevel","status":"passed","title":"should update maxLevel","duration":1,"failureMessages":[]},{"ancestorTitles":["","AdaptiveSelector","performance"],"fullName":" AdaptiveSelector performance should build quiz quickly with large wordset","status":"passed","title":"should build quiz quickly with large wordset","duration":2,"failureMessages":[]},{"ancestorTitles":["","AdaptiveSelector","performance"],"fullName":" AdaptiveSelector performance should build quiz quickly with many wrong words","status":"passed","title":"should build quiz quickly with many wrong words","duration":1,"failureMessages":[]},{"ancestorTitles":["","AdaptiveSelector Integration","with ProgressTracker"],"fullName":" AdaptiveSelector Integration with ProgressTracker should reflect progress changes in selection","status":"passed","title":"should reflect progress changes in selection","duration":1,"failureMessages":[]},{"ancestorTitles":["","AdaptiveSelector Integration","with ProgressTracker"],"fullName":" AdaptiveSelector Integration with ProgressTracker should not select mastered words","status":"passed","title":"should not select mastered words","duration":1,"failureMessages":[]},{"ancestorTitles":["","AdaptiveSelector Integration","with ProgressTracker"],"fullName":" AdaptiveSelector Integration with ProgressTracker should track learning progress over multiple quizzes","status":"passed","title":"should track learning progress over multiple quizzes","duration":4,"failureMessages":[]},{"ancestorTitles":["","AdaptiveSelector Integration","complete learning cycle"],"fullName":" AdaptiveSelector Integration complete learning cycle should handle full adaptive learning flow","status":"passed","title":"should handle full adaptive learning flow","duration":11,"failureMessages":[]}],"startTime":1781085809090,"endTime":1781085809156,"status":"passed","message":"","name":"D:/CC/vibe-coding/word-racing/tests/adaptive-selector.test.js"},{"assertionResults":[{"ancestorTitles":["","Car","initialization"],"fullName":" Car initialization should initialize with correct position and angle","status":"passed","title":"should initialize with correct position and angle","duration":2,"failureMessages":[]},{"ancestorTitles":["","Car","initialization"],"fullName":" Car initialization should start with zero speed","status":"passed","title":"should start with zero speed","duration":0,"failureMessages":[]},{"ancestorTitles":["","Car","initialization"],"fullName":" Car initialization should have default upgrade levels of 1","status":"passed","title":"should have default upgrade levels of 1","duration":0,"failureMessages":[]},{"ancestorTitles":["","Car","initialization"],"fullName":" Car initialization should have zero nitro charges initially","status":"passed","title":"should have zero nitro charges initially","duration":1,"failureMessages":[]},{"ancestorTitles":["","Car","base physics constants"],"fullName":" Car base physics constants should have maxSpeed of 4.0","status":"passed","title":"should have maxSpeed of 4.0","duration":0,"failureMessages":[]},{"ancestorTitles":["","Car","base physics constants"],"fullName":" Car base physics constants should have acceleration of 0.08","status":"passed","title":"should have acceleration of 0.08","duration":0,"failureMessages":[]},{"ancestorTitles":["","Car","base physics constants"],"fullName":" Car base physics constants should have brakeForce of 0.15","status":"passed","title":"should have brakeForce of 0.15","duration":1,"failureMessages":[]},{"ancestorTitles":["","Car","base physics constants"],"fullName":" Car base physics constants should have friction of 0.988","status":"passed","title":"should have friction of 0.988","duration":0,"failureMessages":[]},{"ancestorTitles":["","Car","base physics constants"],"fullName":" Car base physics constants should have turnSpeed of 0.045","status":"passed","title":"should have turnSpeed of 0.045","duration":0,"failureMessages":[]},{"ancestorTitles":["","Car","base physics constants"],"fullName":" Car base physics constants should have nitroDuration of 180 frames","status":"passed","title":"should have nitroDuration of 180 frames","duration":0,"failureMessages":[]},{"ancestorTitles":["","Car","acceleration"],"fullName":" Car acceleration should increase speed when accelerating","status":"passed","title":"should increase speed when accelerating","duration":1,"failureMessages":[]},{"ancestorTitles":["","Car","acceleration"],"fullName":" Car acceleration should not exceed maxSpeed","status":"passed","title":"should not exceed maxSpeed","duration":0,"failureMessages":[]},{"ancestorTitles":["","Car","acceleration"],"fullName":" Car acceleration should accelerate faster with nitro","status":"passed","title":"should accelerate faster with nitro","duration":1,"failureMessages":[]},{"ancestorTitles":["","Car","acceleration"],"fullName":" Car acceleration should have nitroMaxSpeed of 8.0","status":"passed","title":"should have nitroMaxSpeed of 8.0","duration":0,"failureMessages":[]},{"ancestorTitles":["","Car","braking"],"fullName":" Car braking should decrease speed when braking","status":"passed","title":"should decrease speed when braking","duration":0,"failureMessages":[]},{"ancestorTitles":["","Car","braking"],"fullName":" Car braking should allow reverse speed up to -1.5","status":"passed","title":"should allow reverse speed up to -1.5","duration":1,"failureMessages":[]},{"ancestorTitles":["","Car","steering"],"fullName":" Car steering should turn left when input.left is true","status":"passed","title":"should turn left when input.left is true","duration":0,"failureMessages":[]},{"ancestorTitles":["","Car","steering"],"fullName":" Car steering should turn right when input.right is true","status":"passed","title":"should turn right when input.right is true","duration":0,"failureMessages":[]},{"ancestorTitles":["","Car","steering"],"fullName":" Car steering should turn slower at low speeds","status":"passed","title":"should turn slower at low speeds","duration":0,"failureMessages":[]},{"ancestorTitles":["","Car","friction"],"fullName":" Car friction should apply friction and slow down when no input","status":"passed","title":"should apply friction and slow down when no input","duration":0,"failureMessages":[]},{"ancestorTitles":["","Car","friction"],"fullName":" Car friction should stop completely at very low speeds","status":"passed","title":"should stop completely at very low speeds","duration":1,"failureMessages":[]},{"ancestorTitles":["","Car","nitro system"],"fullName":" Car nitro system should not activate nitro without charges","status":"passed","title":"should not activate nitro without charges","duration":0,"failureMessages":[]},{"ancestorTitles":["","Car","nitro system"],"fullName":" Car nitro system should not activate nitro when speed is too low","status":"passed","title":"should not activate nitro when speed is too low","duration":0,"failureMessages":[]},{"ancestorTitles":["","Car","nitro system"],"fullName":" Car nitro system should activate nitro when conditions are met","status":"passed","title":"should activate nitro when conditions are met","duration":0,"failureMessages":[]},{"ancestorTitles":["","Car","nitro system"],"fullName":" Car nitro system should deactivate nitro after duration expires","status":"passed","title":"should deactivate nitro after duration expires","duration":0,"failureMessages":[]},{"ancestorTitles":["","Car","upgrades"],"fullName":" Car upgrades should apply engine upgrade (speed +10% per level)","status":"passed","title":"should apply engine upgrade (speed +10% per level)","duration":1,"failureMessages":[]},{"ancestorTitles":["","Car","upgrades"],"fullName":" Car upgrades should apply tire upgrade (turn +10% per level)","status":"passed","title":"should apply tire upgrade (turn +10% per level)","duration":0,"failureMessages":[]},{"ancestorTitles":["","Car","upgrades"],"fullName":" Car upgrades should apply body upgrade (accel +5% per level)","status":"passed","title":"should apply body upgrade (accel +5% per level)","duration":0,"failureMessages":[]},{"ancestorTitles":["","Car","upgrades"],"fullName":" Car upgrades should apply all upgrades together","status":"passed","title":"should apply all upgrades together","duration":0,"failureMessages":[]},{"ancestorTitles":["","Car","lap tracking"],"fullName":" Car lap tracking should increment lap when crossing finish line","status":"passed","title":"should increment lap when crossing finish line","duration":0,"failureMessages":[]},{"ancestorTitles":["","Car","lap tracking"],"fullName":" Car lap tracking should not increment lap when going backwards","status":"passed","title":"should not increment lap when going backwards","duration":1,"failureMessages":[]},{"ancestorTitles":["","Car","lap tracking"],"fullName":" Car lap tracking should not increment lap when speed is too low","status":"passed","title":"should not increment lap when speed is too low","duration":0,"failureMessages":[]},{"ancestorTitles":["","Car","reset"],"fullName":" Car reset should reset car to given position","status":"passed","title":"should reset car to given position","duration":0,"failureMessages":[]},{"ancestorTitles":["","Car","display speed"],"fullName":" Car display speed should convert speed to km/h display value","status":"passed","title":"should convert speed to km/h display value","duration":0,"failureMessages":[]},{"ancestorTitles":["","Car","display speed"],"fullName":" Car display speed should handle negative speed (reverse)","status":"passed","title":"should handle negative speed (reverse)","duration":0,"failureMessages":[]},{"ancestorTitles":["","Car","time-based physics"],"fullName":" Car time-based physics should produce similar results at 60fps and 120fps","status":"passed","title":"should produce similar results at 60fps and 120fps","duration":1,"failureMessages":[]},{"ancestorTitles":["","Car","time-based physics"],"fullName":" Car time-based physics should use default deltaTime of 1/60 when not specified","status":"passed","title":"should use default deltaTime of 1/60 when not specified","duration":0,"failureMessages":[]},{"ancestorTitles":["","Car","time-based physics"],"fullName":" Car time-based physics should handle varying deltaTime values","status":"passed","title":"should handle varying deltaTime values","duration":0,"failureMessages":[]},{"ancestorTitles":["","Car","time-based physics"],"fullName":" Car time-based physics should scale nitro timer with deltaTime","status":"passed","title":"should scale nitro timer with deltaTime","duration":1,"failureMessages":[]},{"ancestorTitles":["","Car","time-based physics"],"fullName":" Car time-based physics should scale particle lifetime with deltaTime","status":"passed","title":"should scale particle lifetime with deltaTime","duration":0,"failureMessages":[]}],"startTime":1781085808976,"endTime":1781085808988,"status":"passed","message":"","name":"D:/CC/vibe-coding/word-racing/tests/car.test.js"},{"assertionResults":[{"ancestorTitles":["","DailyManager","initialization"],"fullName":" DailyManager initialization should initialize with today date","status":"passed","title":"should initialize with today date","duration":3,"failureMessages":[]},{"ancestorTitles":["","DailyManager","initialization"],"fullName":" DailyManager initialization should reset today stats on new day","status":"passed","title":"should reset today stats on new day","duration":1,"failureMessages":[]},{"ancestorTitles":["","DailyManager","initialization"],"fullName":" DailyManager initialization should emit DAILY_RESET when day changes","status":"passed","title":"should emit DAILY_RESET when day changes","duration":1,"failureMessages":[]},{"ancestorTitles":["","DailyManager","date utilities"],"fullName":" DailyManager date utilities should return correct today date","status":"passed","title":"should return correct today date","duration":0,"failureMessages":[]},{"ancestorTitles":["","DailyManager","date utilities"],"fullName":" DailyManager date utilities should detect new day correctly","status":"passed","title":"should detect new day correctly","duration":0,"failureMessages":[]},{"ancestorTitles":["","DailyManager","date utilities"],"fullName":" DailyManager date utilities should detect new day when lastActiveDate is different","status":"passed","title":"should detect new day when lastActiveDate is different","duration":1,"failureMessages":[]},{"ancestorTitles":["","DailyManager","updateProgress"],"fullName":" DailyManager updateProgress should update total questions","status":"passed","title":"should update total questions","duration":0,"failureMessages":[]},{"ancestorTitles":["","DailyManager","updateProgress"],"fullName":" DailyManager updateProgress should update correct answers","status":"passed","title":"should update correct answers","duration":0,"failureMessages":[]},{"ancestorTitles":["","DailyManager","updateProgress"],"fullName":" DailyManager updateProgress should accumulate fuel coins","status":"passed","title":"should accumulate fuel coins","duration":1,"failureMessages":[]},{"ancestorTitles":["","DailyManager","updateProgress"],"fullName":" DailyManager updateProgress should accumulate gear coins","status":"passed","title":"should accumulate gear coins","duration":0,"failureMessages":[]},{"ancestorTitles":["","DailyManager","updateProgress"],"fullName":" DailyManager updateProgress should track max combo","status":"passed","title":"should track max combo","duration":0,"failureMessages":[]},{"ancestorTitles":["","DailyManager","updateProgress"],"fullName":" DailyManager updateProgress should emit DAILY_PROGRESS event","status":"passed","title":"should emit DAILY_PROGRESS event","duration":0,"failureMessages":[]},{"ancestorTitles":["","DailyManager","completeQuiz"],"fullName":" DailyManager completeQuiz should increment quizzes completed","status":"passed","title":"should increment quizzes completed","duration":0,"failureMessages":[]},{"ancestorTitles":["","DailyManager","completeQuiz"],"fullName":" DailyManager completeQuiz should update learning stats","status":"passed","title":"should update learning stats","duration":0,"failureMessages":[]},{"ancestorTitles":["","DailyManager","completeQuiz"],"fullName":" DailyManager completeQuiz should return goal check results","status":"passed","title":"should return goal check results","duration":1,"failureMessages":[]},{"ancestorTitles":["","DailyManager","checkDailyGoals"],"fullName":" DailyManager checkDailyGoals should return allThree goal as not achieved initially","status":"passed","title":"should return allThree goal as not achieved initially","duration":0,"failureMessages":[]},{"ancestorTitles":["","DailyManager","checkDailyGoals"],"fullName":" DailyManager checkDailyGoals should achieve allThree after 3 quizzes","status":"passed","title":"should achieve allThree after 3 quizzes","duration":1,"failureMessages":[]},{"ancestorTitles":["","DailyManager","checkDailyGoals"],"fullName":" DailyManager checkDailyGoals should check accuracy80 goal","status":"passed","title":"should check accuracy80 goal","duration":0,"failureMessages":[]},{"ancestorTitles":["","DailyManager","checkDailyGoals"],"fullName":" DailyManager checkDailyGoals should achieve accuracy80 with 80%+ correct","status":"passed","title":"should achieve accuracy80 with 80%+ correct","duration":0,"failureMessages":[]},{"ancestorTitles":["","DailyManager","checkDailyGoals"],"fullName":" DailyManager checkDailyGoals should check newWords10 goal","status":"passed","title":"should check newWords10 goal","duration":0,"failureMessages":[]},{"ancestorTitles":["","DailyManager","settleDailyRewards"],"fullName":" DailyManager settleDailyRewards should return empty rewards when no goals achieved","status":"passed","title":"should return empty rewards when no goals achieved","duration":2,"failureMessages":[]},{"ancestorTitles":["","DailyManager","settleDailyRewards"],"fullName":" DailyManager settleDailyRewards should calculate rewards for achieved goals","status":"passed","title":"should calculate rewards for achieved goals","duration":1,"failureMessages":[]},{"ancestorTitles":["","DailyManager","settleDailyRewards"],"fullName":" DailyManager settleDailyRewards should emit DAILY_GOAL_COMPLETE when goals achieved","status":"passed","title":"should emit DAILY_GOAL_COMPLETE when goals achieved","duration":1,"failureMessages":[]},{"ancestorTitles":["","DailyManager","streak"],"fullName":" DailyManager streak should start with 0 streak","status":"passed","title":"should start with 0 streak","duration":0,"failureMessages":[]},{"ancestorTitles":["","DailyManager","streak"],"fullName":" DailyManager streak should increment streak when all three quizzes completed","status":"passed","title":"should increment streak when all three quizzes completed","duration":0,"failureMessages":[]},{"ancestorTitles":["","DailyManager","streak"],"fullName":" DailyManager streak should emit DAILY_STREAK_UPDATE on streak increment","status":"passed","title":"should emit DAILY_STREAK_UPDATE on streak increment","duration":2,"failureMessages":[]},{"ancestorTitles":["","DailyManager","streak"],"fullName":" DailyManager streak should not increment streak without completing all three","status":"passed","title":"should not increment streak without completing all three","duration":0,"failureMessages":[]},{"ancestorTitles":["","DailyManager","streak"],"fullName":" DailyManager streak should reset streak manually","status":"passed","title":"should reset streak manually","duration":0,"failureMessages":[]},{"ancestorTitles":["","DailyManager","history"],"fullName":" DailyManager history should save to history on settle","status":"passed","title":"should save to history on settle","duration":1,"failureMessages":[]},{"ancestorTitles":["","DailyManager","history"],"fullName":" DailyManager history should return empty history initially","status":"passed","title":"should return empty history initially","duration":0,"failureMessages":[]},{"ancestorTitles":["","DailyManager","history"],"fullName":" DailyManager history should limit history to requested days","status":"passed","title":"should limit history to requested days","duration":1,"failureMessages":[]},{"ancestorTitles":["","DailyManager","utility methods"],"fullName":" DailyManager utility methods should return remaining quizzes","status":"passed","title":"should return remaining quizzes","duration":0,"failureMessages":[]},{"ancestorTitles":["","DailyManager","utility methods"],"fullName":" DailyManager utility methods should check if can continue quiz","status":"passed","title":"should check if can continue quiz","duration":1,"failureMessages":[]},{"ancestorTitles":["","DailyManager","utility methods"],"fullName":" DailyManager utility methods should check if today is complete","status":"passed","title":"should check if today is complete","duration":0,"failureMessages":[]},{"ancestorTitles":["","DailyManager","getTotalStats"],"fullName":" DailyManager getTotalStats should return total stats from gameState","status":"passed","title":"should return total stats from gameState","duration":0,"failureMessages":[]}],"startTime":1781085808961,"endTime":1781085808981,"status":"passed","message":"","name":"D:/CC/vibe-coding/word-racing/tests/daily-manager.test.js"},{"assertionResults":[{"ancestorTitles":["","FeatureFlags","isEnabled"],"fullName":" FeatureFlags isEnabled should return true for enabled flag","status":"passed","title":"should return true for enabled flag","duration":34,"failureMessages":[]},{"ancestorTitles":["","FeatureFlags","isEnabled"],"fullName":" FeatureFlags isEnabled should enable 3D track by default for Epic 5","status":"passed","title":"should enable 3D track by default for Epic 5","duration":13,"failureMessages":[]},{"ancestorTitles":["","FeatureFlags","isEnabled"],"fullName":" FeatureFlags isEnabled should return false for unknown flag","status":"passed","title":"should return false for unknown flag","duration":0,"failureMessages":[]},{"ancestorTitles":["","FeatureFlags","enable"],"fullName":" FeatureFlags enable should enable a flag","status":"passed","title":"should enable a flag","duration":10,"failureMessages":[]},{"ancestorTitles":["","FeatureFlags","enable"],"fullName":" FeatureFlags enable should enable unknown flag","status":"passed","title":"should enable unknown flag","duration":1,"failureMessages":[]},{"ancestorTitles":["","FeatureFlags","disable"],"fullName":" FeatureFlags disable should disable a flag","status":"passed","title":"should disable a flag","duration":0,"failureMessages":[]},{"ancestorTitles":["","FeatureFlags","load"],"fullName":" FeatureFlags load should load flags from localStorage","status":"passed","title":"should load flags from localStorage","duration":1,"failureMessages":[]},{"ancestorTitles":["","FeatureFlags","load"],"fullName":" FeatureFlags load should not crash on invalid JSON","status":"passed","title":"should not crash on invalid JSON","duration":99,"failureMessages":[]},{"ancestorTitles":["","FeatureFlags","load"],"fullName":" FeatureFlags load should handle empty localStorage","status":"passed","title":"should handle empty localStorage","duration":8,"failureMessages":[]},{"ancestorTitles":["","FeatureFlags","save"],"fullName":" FeatureFlags save should save flags to localStorage","status":"passed","title":"should save flags to localStorage","duration":0,"failureMessages":[]},{"ancestorTitles":["","FeatureFlags","save"],"fullName":" FeatureFlags save should save all current flags","status":"passed","title":"should save all current flags","duration":1,"failureMessages":[]},{"ancestorTitles":["","FeatureFlags","reset"],"fullName":" FeatureFlags reset should restore default feature flags","status":"passed","title":"should restore default feature flags","duration":0,"failureMessages":[]},{"ancestorTitles":["","FeatureFlags","persistence workflow"],"fullName":" FeatureFlags persistence workflow should persist changes across load/save cycles","status":"passed","title":"should persist changes across load/save cycles","duration":1,"failureMessages":[]}],"startTime":1781085843105,"endTime":1781085843287,"status":"passed","message":"","name":"D:/CC/vibe-coding/word-racing/tests/feature-flags.test.js"},{"assertionResults":[{"ancestorTitles":["","Game ↔ GameState 集成","构造函数兼容性"],"fullName":" Game ↔ GameState 集成 构造函数兼容性 不传 gameState 时应自建一个，保持向后兼容","status":"passed","title":"不传 gameState 时应自建一个，保持向后兼容","duration":27,"failureMessages":[]},{"ancestorTitles":["","Game ↔ GameState 集成","构造函数兼容性"],"fullName":" Game ↔ GameState 集成 构造函数兼容性 传入 gameState 时应使用注入的实例","status":"passed","title":"传入 gameState 时应使用注入的实例","duration":15,"failureMessages":[]},{"ancestorTitles":["","Game ↔ GameState 集成","fuelCoins 双向同步"],"fullName":" Game ↔ GameState 集成 fuelCoins 双向同步 game.fuelCoins = X 应写入 GameState","status":"passed","title":"game.fuelCoins = X 应写入 GameState","duration":7,"failureMessages":[]},{"ancestorTitles":["","Game ↔ GameState 集成","fuelCoins 双向同步"],"fullName":" Game ↔ GameState 集成 fuelCoins 双向同步 gameState.set 应反映到 game.fuelCoins","status":"passed","title":"gameState.set 应反映到 game.fuelCoins","duration":1,"failureMessages":[]},{"ancestorTitles":["","Game ↔ GameState 集成","fuelCoins 双向同步"],"fullName":" Game ↔ GameState 集成 fuelCoins 双向同步 game.fuelCoins += 10 应正确累加并写入 GameState","status":"passed","title":"game.fuelCoins += 10 应正确累加并写入 GameState","duration":12,"failureMessages":[]},{"ancestorTitles":["","Game ↔ GameState 集成","fuelCoins 双向同步"],"fullName":" Game ↔ GameState 集成 fuelCoins 双向同步 game.fuelCoins -= 10 应正确扣减","status":"passed","title":"game.fuelCoins -= 10 应正确扣减","duration":2,"failureMessages":[]},{"ancestorTitles":["","Game ↔ GameState 集成","gearCoins 双向同步"],"fullName":" Game ↔ GameState 集成 gearCoins 双向同步 game.gearCoins = X 应写入 GameState","status":"passed","title":"game.gearCoins = X 应写入 GameState","duration":17,"failureMessages":[]},{"ancestorTitles":["","Game ↔ GameState 集成","gearCoins 双向同步"],"fullName":" Game ↔ GameState 集成 gearCoins 双向同步 gameState.set 应反映到 game.gearCoins","status":"passed","title":"gameState.set 应反映到 game.gearCoins","duration":1,"failureMessages":[]},{"ancestorTitles":["","Game ↔ GameState 集成","赛道相关字段"],"fullName":" Game ↔ GameState 集成 赛道相关字段 unlockedTracks getter 应读 GameState","status":"passed","title":"unlockedTracks getter 应读 GameState","duration":24,"failureMessages":[]},{"ancestorTitles":["","Game ↔ GameState 集成","赛道相关字段"],"fullName":" Game ↔ GameState 集成 赛道相关字段 默认 unlockedTracks 应包含 shanghai-2d","status":"passed","title":"默认 unlockedTracks 应包含 shanghai-2d","duration":74,"failureMessages":[]},{"ancestorTitles":["","Game ↔ GameState 集成","赛道相关字段"],"fullName":" Game ↔ GameState 集成 赛道相关字段 selectedTrackId getter/setter 应读写 GameState","status":"passed","title":"selectedTrackId getter/setter 应读写 GameState","duration":2,"failureMessages":[]},{"ancestorTitles":["","Game ↔ GameState 集成","赛道相关字段"],"fullName":" Game ↔ GameState 集成 赛道相关字段 默认 selectedTrackId 应为 shanghai-2d","status":"passed","title":"默认 selectedTrackId 应为 shanghai-2d","duration":10,"failureMessages":[]},{"ancestorTitles":["","Game ↔ GameState 集成","与 LearningController 共享同一 GameState"],"fullName":" Game ↔ GameState 集成 与 LearningController 共享同一 GameState LearningController 解锁赛道后，Game.unlockedTracks 应立即可见","status":"passed","title":"LearningController 解锁赛道后，Game.unlockedTracks 应立即可见","duration":9,"failureMessages":[]},{"ancestorTitles":["","Game ↔ GameState 集成","与 LearningController 共享同一 GameState"],"fullName":" Game ↔ GameState 集成 与 LearningController 共享同一 GameState Game 扣金币后，GameState 应立即反映（供 LearningController 的成就检查）","status":"passed","title":"Game 扣金币后，GameState 应立即反映（供 LearningController 的成就检查）","duration":1,"failureMessages":[]}],"startTime":1781085838832,"endTime":1781085839052,"status":"passed","message":"","name":"D:/CC/vibe-coding/word-racing/tests/game-gamestate-integration.test.js"},{"assertionResults":[{"ancestorTitles":["","GameState - Achievement & Track Fields","默认值"],"fullName":" GameState - Achievement & Track Fields 默认值 应该初始化 achievements 为空数组","status":"passed","title":"应该初始化 achievements 为空数组","duration":55,"failureMessages":[]},{"ancestorTitles":["","GameState - Achievement & Track Fields","默认值"],"fullName":" GameState - Achievement & Track Fields 默认值 应该初始化 unlockedTracks 包含默认赛道","status":"passed","title":"应该初始化 unlockedTracks 包含默认赛道","duration":1,"failureMessages":[]},{"ancestorTitles":["","GameState - Achievement & Track Fields","默认值"],"fullName":" GameState - Achievement & Track Fields 默认值 应该初始化 selectedTrackId 为默认赛道","status":"passed","title":"应该初始化 selectedTrackId 为默认赛道","duration":15,"failureMessages":[]},{"ancestorTitles":["","GameState - Achievement & Track Fields","默认值"],"fullName":" GameState - Achievement & Track Fields 默认值 应该初始化 learning.lastPerfectQuiz 为 false","status":"passed","title":"应该初始化 learning.lastPerfectQuiz 为 false","duration":10,"failureMessages":[]},{"ancestorTitles":["","GameState - Achievement & Track Fields","旧存档迁移"],"fullName":" GameState - Achievement & Track Fields 旧存档迁移 应该为 v2 存档添加新字段","status":"passed","title":"应该为 v2 存档添加新字段","duration":5,"failureMessages":[]},{"ancestorTitles":["","GameState - Achievement & Track Fields","旧存档迁移"],"fullName":" GameState - Achievement & Track Fields 旧存档迁移 应该为无版本号的存档添加新字段","status":"passed","title":"应该为无版本号的存档添加新字段","duration":1,"failureMessages":[]},{"ancestorTitles":["","GameState - Achievement & Track Fields","旧存档迁移"],"fullName":" GameState - Achievement & Track Fields 旧存档迁移 不应该覆盖已有的新字段","status":"passed","title":"不应该覆盖已有的新字段","duration":10,"failureMessages":[]},{"ancestorTitles":["","GameState - Achievement & Track Fields","字段操作"],"fullName":" GameState - Achievement & Track Fields 字段操作 应该能添加成就","status":"passed","title":"应该能添加成就","duration":7,"failureMessages":[]},{"ancestorTitles":["","GameState - Achievement & Track Fields","字段操作"],"fullName":" GameState - Achievement & Track Fields 字段操作 应该能解锁新赛道","status":"passed","title":"应该能解锁新赛道","duration":1,"failureMessages":[]},{"ancestorTitles":["","GameState - Achievement & Track Fields","字段操作"],"fullName":" GameState - Achievement & Track Fields 字段操作 应该能切换选择的赛道","status":"passed","title":"应该能切换选择的赛道","duration":0,"failureMessages":[]},{"ancestorTitles":["","GameState - Achievement & Track Fields","字段操作"],"fullName":" GameState - Achievement & Track Fields 字段操作 应该能设置 lastPerfectQuiz","status":"passed","title":"应该能设置 lastPerfectQuiz","duration":16,"failureMessages":[]},{"ancestorTitles":["","GameState - Achievement & Track Fields","持久化"],"fullName":" GameState - Achievement & Track Fields 持久化 新字段应该正确保存和加载","status":"passed","title":"新字段应该正确保存和加载","duration":18,"failureMessages":[]}],"startTime":1781085832384,"endTime":1781085832525,"status":"passed","message":"","name":"D:/CC/vibe-coding/word-racing/tests/game-state-extended.test.js"},{"assertionResults":[{"ancestorTitles":["","Game - 赛道选择 (Phase 3.2)","initial track rendering"],"fullName":" Game - 赛道选择 (Phase 3.2) initial track rendering should initialize the visible track from selectedTrackId registry data","status":"passed","title":"should initialize the visible track from selectedTrackId registry data","duration":86,"failureMessages":[]},{"ancestorTitles":["","Game - 赛道选择 (Phase 3.2)","selectTrack(trackId) - UC-02"],"fullName":" Game - 赛道选择 (Phase 3.2) selectTrack(trackId) - UC-02 Main: 选择已解锁且金币足够的赛道，应更新 selectedTrackId 到 GameState","status":"passed","title":"Main: 选择已解锁且金币足够的赛道，应更新 selectedTrackId 到 GameState","duration":64,"failureMessages":[]},{"ancestorTitles":["","Game - 赛道选择 (Phase 3.2)","selectTrack(trackId) - UC-02"],"fullName":" Game - 赛道选择 (Phase 3.2) selectTrack(trackId) - UC-02 A1: 赛道未解锁应抛出 Track not unlocked","status":"passed","title":"A1: 赛道未解锁应抛出 Track not unlocked","duration":21,"failureMessages":[]},{"ancestorTitles":["","Game - 赛道选择 (Phase 3.2)","selectTrack(trackId) - UC-02"],"fullName":" Game - 赛道选择 (Phase 3.2) selectTrack(trackId) - UC-02 A2: 金币不足应抛出 Insufficient fuel coins","status":"passed","title":"A2: 金币不足应抛出 Insufficient fuel coins","duration":9,"failureMessages":[]},{"ancestorTitles":["","Game - 赛道选择 (Phase 3.2)","selectTrack(trackId) - UC-02"],"fullName":" Game - 赛道选择 (Phase 3.2) selectTrack(trackId) - UC-02 A3: 赛道不存在应抛出 Unknown track","status":"passed","title":"A3: 赛道不存在应抛出 Unknown track","duration":2,"failureMessages":[]},{"ancestorTitles":["","Game - 赛道选择 (Phase 3.2)","selectTrack(trackId) - UC-02"],"fullName":" Game - 赛道选择 (Phase 3.2) selectTrack(trackId) - UC-02 金币恰好等于 cost 应允许选择（边界值）","status":"passed","title":"金币恰好等于 cost 应允许选择（边界值）","duration":9,"failureMessages":[]},{"ancestorTitles":["","Game - 赛道选择 (Phase 3.2)","startRace() - UC-03"],"fullName":" Game - 赛道选择 (Phase 3.2) startRace() - UC-03 Main: 应从 GameState 扣除赛道 cost","status":"passed","title":"Main: 应从 GameState 扣除赛道 cost","duration":32,"failureMessages":[]},{"ancestorTitles":["","Game - 赛道选择 (Phase 3.2)","startRace() - UC-03"],"fullName":" Game - 赛道选择 (Phase 3.2) startRace() - UC-03 Main: 2D 赛道应创建 Track 实例","status":"passed","title":"Main: 2D 赛道应创建 Track 实例","duration":40,"failureMessages":[]},{"ancestorTitles":["","Game - 赛道选择 (Phase 3.2)","startRace() - UC-03"],"fullName":" Game - 赛道选择 (Phase 3.2) startRace() - UC-03 Main: 2D 赛道应使用 registry 的 waypoints 和 trackWidth","status":"passed","title":"Main: 2D 赛道应使用 registry 的 waypoints 和 trackWidth","duration":10,"failureMessages":[]},{"ancestorTitles":["","Game - 赛道选择 (Phase 3.2)","startRace() - UC-03"],"fullName":" Game - 赛道选择 (Phase 3.2) startRace() - UC-03 Main: 应将 game.state 切换为 COUNTDOWN","status":"passed","title":"Main: 应将 game.state 切换为 COUNTDOWN","duration":2,"failureMessages":[]},{"ancestorTitles":["","Game - 赛道选择 (Phase 3.2)","startRace() - UC-03"],"fullName":" Game - 赛道选择 (Phase 3.2) startRace() - UC-03 Main: 应初始化 countdownTimer","status":"passed","title":"Main: 应初始化 countdownTimer","duration":26,"failureMessages":[]},{"ancestorTitles":["","Game - 赛道选择 (Phase 3.2)","startRace() - UC-03"],"fullName":" Game - 赛道选择 (Phase 3.2) startRace() - UC-03 Main: 应将赛车重置到新赛道起点","status":"passed","title":"Main: 应将赛车重置到新赛道起点","duration":8,"failureMessages":[]},{"ancestorTitles":["","Game - 赛道选择 (Phase 3.2)","startRace() - UC-03"],"fullName":" Game - 赛道选择 (Phase 3.2) startRace() - UC-03 Main: 应更新 RenderSystem 的 track 引用","status":"passed","title":"Main: 应更新 RenderSystem 的 track 引用","duration":4,"failureMessages":[]},{"ancestorTitles":["","Game - 赛道选择 (Phase 3.2)","startRace() - UC-03"],"fullName":" Game - 赛道选择 (Phase 3.2) startRace() - UC-03 A1: 金币不足应抛出 Insufficient fuel coins 且不扣金币","status":"failed","title":"A1: 金币不足应抛出 Insufficient fuel coins 且不扣金币","duration":107,"failureMessages":["expected [Function] to throw an error"],"location":{"line":156,"column":38}},{"ancestorTitles":["","Game - 赛道选择 (Phase 3.2)","startRace() - UC-03"],"fullName":" Game - 赛道选择 (Phase 3.2) startRace() - UC-03 3D 赛道在 feature flag 关闭时不可用","status":"failed","title":"3D 赛道在 feature flag 关闭时不可用","duration":20,"failureMessages":["expected [Function] to throw an error"],"location":{"line":165,"column":38}},{"ancestorTitles":["","Game - 赛道选择 (Phase 3.2)","startRace() - UC-03"],"fullName":" Game - 赛道选择 (Phase 3.2) startRace() - UC-03 未知赛道应抛出 Unknown track","status":"failed","title":"未知赛道应抛出 Unknown track","duration":12,"failureMessages":["expected [Function] to throw an error"],"location":{"line":170,"column":38}},{"ancestorTitles":["","Game - 赛道选择 (Phase 3.2)","getAvailableTracks()"],"fullName":" Game - 赛道选择 (Phase 3.2) getAvailableTracks() 应返回 FeatureFlags 启用的赛道","status":"failed","title":"应返回 FeatureFlags 启用的赛道","duration":40,"failureMessages":["expected 4 to be 3 // Object.is equality"],"location":{"line":180,"column":29}},{"ancestorTitles":["","Game - 赛道选择 (Phase 3.2)","getAvailableTracks()"],"fullName":" Game - 赛道选择 (Phase 3.2) getAvailableTracks() 应正确标记 unlocked 状态","status":"passed","title":"应正确标记 unlocked 状态","duration":12,"failureMessages":[]},{"ancestorTitles":["","Game - 赛道选择 (Phase 3.2)","getAvailableTracks()"],"fullName":" Game - 赛道选择 (Phase 3.2) getAvailableTracks() 应正确标记 canAfford 状态","status":"passed","title":"应正确标记 canAfford 状态","duration":9,"failureMessages":[]},{"ancestorTitles":["","Game - 赛道选择 (Phase 3.2)","getAvailableTracks()"],"fullName":" Game - 赛道选择 (Phase 3.2) getAvailableTracks() 应保留 registry 中的所有原始字段","status":"passed","title":"应保留 registry 中的所有原始字段","duration":6,"failureMessages":[]},{"ancestorTitles":["","Game - 赛道选择 (Phase 3.2)","getAvailableTracks()"],"fullName":" Game - 赛道选择 (Phase 3.2) getAvailableTracks() 金币为 0 时所有 canAfford 应为 false","status":"passed","title":"金币为 0 时所有 canAfford 应为 false","duration":2,"failureMessages":[]},{"ancestorTitles":["","Game - 赛道选择 (Phase 3.2)","完整流程 (UC-02 + UC-03 集成)"],"fullName":" Game - 赛道选择 (Phase 3.2) 完整流程 (UC-02 + UC-03 集成) 解锁 → 选择 → 开始比赛 全链路应正确","status":"passed","title":"解锁 → 选择 → 开始比赛 全链路应正确","duration":9,"failureMessages":[]}],"startTime":1781085817317,"endTime":1781085817853,"status":"failed","message":"","name":"D:/CC/vibe-coding/word-racing/tests/game-track-selection.test.js"},{"assertionResults":[{"ancestorTitles":["","Game","initialization"],"fullName":" Game initialization should start in MENU state","status":"passed","title":"should start in MENU state","duration":38,"failureMessages":[]},{"ancestorTitles":["","Game","initialization"],"fullName":" Game initialization should have zero resources initially","status":"passed","title":"should have zero resources initially","duration":3,"failureMessages":[]},{"ancestorTitles":["","Game","initialization"],"fullName":" Game initialization should have default upgrades at level 1","status":"passed","title":"should have default upgrades at level 1","duration":2,"failureMessages":[]},{"ancestorTitles":["","Game","initialization"],"fullName":" Game initialization should have maxFuel from config","status":"passed","title":"should have maxFuel from config","duration":1,"failureMessages":[]},{"ancestorTitles":["","Game","initialization"],"fullName":" Game initialization should have fuelPerLap from config","status":"passed","title":"should have fuelPerLap from config","duration":2,"failureMessages":[]},{"ancestorTitles":["","Game","dual currency system"],"fullName":" Game dual currency system should track fuelCoins and gearCoins separately","status":"passed","title":"should track fuelCoins and gearCoins separately","duration":2,"failureMessages":[]},{"ancestorTitles":["","Game","shop items"],"fullName":" Game shop items should have fuel items","status":"passed","title":"should have fuel items","duration":3,"failureMessages":[]},{"ancestorTitles":["","Game","shop items"],"fullName":" Game shop items should have nitro items","status":"passed","title":"should have nitro items","duration":2,"failureMessages":[]},{"ancestorTitles":["","Game","shop items"],"fullName":" Game shop items should have upgrade items","status":"passed","title":"should have upgrade items","duration":1,"failureMessages":[]},{"ancestorTitles":["","Game","shop purchases"],"fullName":" Game shop purchases should buy fuel with fuel coins","status":"passed","title":"should buy fuel with fuel coins","duration":3,"failureMessages":[]},{"ancestorTitles":["","Game","shop purchases"],"fullName":" Game shop purchases should not buy fuel if not enough coins","status":"passed","title":"should not buy fuel if not enough coins","duration":1,"failureMessages":[]},{"ancestorTitles":["","Game","shop purchases"],"fullName":" Game shop purchases should not exceed maxFuel","status":"passed","title":"should not exceed maxFuel","duration":4,"failureMessages":[]},{"ancestorTitles":["","Game","shop purchases"],"fullName":" Game shop purchases should buy nitro with gear coins","status":"passed","title":"should buy nitro with gear coins","duration":10,"failureMessages":[]},{"ancestorTitles":["","Game","shop purchases"],"fullName":" Game shop purchases should upgrade engine","status":"passed","title":"should upgrade engine","duration":4,"failureMessages":[]},{"ancestorTitles":["","Game","shop purchases"],"fullName":" Game shop purchases should not upgrade beyond max level","status":"passed","title":"should not upgrade beyond max level","duration":2,"failureMessages":[]},{"ancestorTitles":["","Game","fuel consumption"],"fullName":" Game fuel consumption should deduct fuel on race completion","status":"passed","title":"should deduct fuel on race completion","duration":2,"failureMessages":[]},{"ancestorTitles":["","Game","fuel consumption"],"fullName":" Game fuel consumption should deduct fuel proportionally on exit","status":"passed","title":"should deduct fuel proportionally on exit","duration":3,"failureMessages":[]},{"ancestorTitles":["","Game","exitRace"],"fullName":" Game exitRace should return to HOME state on exit","status":"passed","title":"should return to HOME state on exit","duration":1,"failureMessages":[]},{"ancestorTitles":["","Game","exitRace"],"fullName":" Game exitRace should reset car position on exit","status":"passed","title":"should reset car position on exit","duration":4,"failureMessages":[]},{"ancestorTitles":["","Game","display speed"],"fullName":" Game display speed should calculate displaySpeed without NaN","status":"passed","title":"should calculate displaySpeed without NaN","duration":1,"failureMessages":[]},{"ancestorTitles":["","Game","display speed"],"fullName":" Game display speed should return 0 when speed is undefined","status":"passed","title":"should return 0 when speed is undefined","duration":1,"failureMessages":[]},{"ancestorTitles":["","Game","display speed"],"fullName":" Game display speed should use correct config constant","status":"passed","title":"should use correct config constant","duration":1,"failureMessages":[]},{"ancestorTitles":["","Game","display speed"],"fullName":" Game display speed should render valid displaySpeed in gameState","status":"passed","title":"should render valid displaySpeed in gameState","duration":1,"failureMessages":[]},{"ancestorTitles":["","Game","state machine"],"fullName":" Game state machine should transition from MENU to QUIZ","status":"passed","title":"should transition from MENU to QUIZ","duration":3,"failureMessages":[]},{"ancestorTitles":["","Game","state machine"],"fullName":" Game state machine should start COUNTDOWN even without fuel (fuel check is in NavManager)","status":"passed","title":"should start COUNTDOWN even without fuel (fuel check is in NavManager)","duration":2,"failureMessages":[]},{"ancestorTitles":["","Game","state machine"],"fullName":" Game state machine should transition to COUNTDOWN when race starts","status":"passed","title":"should transition to COUNTDOWN when race starts","duration":1,"failureMessages":[]},{"ancestorTitles":["","Game","state machine"],"fullName":" Game state machine should transition from COUNTDOWN to RACING after countdown","status":"passed","title":"should transition from COUNTDOWN to RACING after countdown","duration":1,"failureMessages":[]},{"ancestorTitles":["","Game","state machine"],"fullName":" Game state machine should transition to RESULTS when race finishes","status":"passed","title":"should transition to RESULTS when race finishes","duration":1,"failureMessages":[]},{"ancestorTitles":["","Game","lap count selector"],"fullName":" Game lap count selector should allow setting lap count within range","status":"passed","title":"should allow setting lap count within range","duration":1,"failureMessages":[]},{"ancestorTitles":["","Game","lap count selector"],"fullName":" Game lap count selector should clamp lap count to minimum","status":"passed","title":"should clamp lap count to minimum","duration":1,"failureMessages":[]},{"ancestorTitles":["","Game","lap count selector"],"fullName":" Game lap count selector should clamp lap count to maximum","status":"passed","title":"should clamp lap count to maximum","duration":1,"failureMessages":[]},{"ancestorTitles":["","Game","quiz completion rewards"],"fullName":" Game quiz completion rewards should add coins on quiz completion","status":"passed","title":"should add coins on quiz completion","duration":2,"failureMessages":[]},{"ancestorTitles":["","Game","leaderboard"],"fullName":" Game leaderboard should save lap time to leaderboard","status":"passed","title":"should save lap time to leaderboard","duration":28,"failureMessages":[]},{"ancestorTitles":["","Game","leaderboard"],"fullName":" Game leaderboard should sort leaderboard by time ascending","status":"passed","title":"should sort leaderboard by time ascending","duration":1,"failureMessages":[]},{"ancestorTitles":["","Game","leaderboard"],"fullName":" Game leaderboard should limit leaderboard entries","status":"passed","title":"should limit leaderboard entries","duration":2,"failureMessages":[]},{"ancestorTitles":["","Game","leaderboard"],"fullName":" Game leaderboard should persist leaderboard to localStorage","status":"passed","title":"should persist leaderboard to localStorage","duration":1,"failureMessages":[]},{"ancestorTitles":["","Game","car upgrade sync"],"fullName":" Game car upgrade sync should apply upgrades to car","status":"passed","title":"should apply upgrades to car","duration":10,"failureMessages":[]},{"ancestorTitles":["","Game","time formatting"],"fullName":" Game time formatting should format time correctly","status":"passed","title":"should format time correctly","duration":1,"failureMessages":[]},{"ancestorTitles":["","Game","time formatting"],"fullName":" Game time formatting should handle zero time","status":"passed","title":"should handle zero time","duration":2,"failureMessages":[]}],"startTime":1781085809175,"endTime":1781085809330,"status":"passed","message":"","name":"D:/CC/vibe-coding/word-racing/tests/game.test.js"},{"assertionResults":[{"ancestorTitles":["","LearningController","submitAnswer - 完整链路验证"],"fullName":" LearningController submitAnswer - 完整链路验证 should update session progress when answering","status":"passed","title":"should update session progress when answering","duration":10,"failureMessages":[]},{"ancestorTitles":["","LearningController","submitAnswer - 完整链路验证"],"fullName":" LearningController submitAnswer - 完整链路验证 should update daily progress with new word count","status":"passed","title":"should update daily progress with new word count","duration":2,"failureMessages":[]},{"ancestorTitles":["","LearningController","submitAnswer - 完整链路验证"],"fullName":" LearningController submitAnswer - 完整链路验证 should NOT count wrong answer as new word learned","status":"passed","title":"should NOT count wrong answer as new word learned","duration":1,"failureMessages":[]},{"ancestorTitles":["","LearningController","submitAnswer - 完整链路验证"],"fullName":" LearningController submitAnswer - 完整链路验证 should track multiple new words across questions","status":"passed","title":"should track multiple new words across questions","duration":2,"failureMessages":[]},{"ancestorTitles":["","LearningController","submitAnswer - 完整链路验证"],"fullName":" LearningController submitAnswer - 完整链路验证 should update word progress status","status":"passed","title":"should update word progress status","duration":2,"failureMessages":[]},{"ancestorTitles":["","LearningController","submitAnswer - 完整链路验证"],"fullName":" LearningController submitAnswer - 完整链路验证 should accumulate coins in session","status":"passed","title":"should accumulate coins in session","duration":1,"failureMessages":[]},{"ancestorTitles":["","LearningController","side effects"],"fullName":" LearningController side effects should emit DAILY_PROGRESS event on answer","status":"passed","title":"should emit DAILY_PROGRESS event on answer","duration":2,"failureMessages":[]},{"ancestorTitles":["","LearningController","side effects"],"fullName":" LearningController side effects should update UI after quiz complete","status":"passed","title":"should update UI after quiz complete","duration":4,"failureMessages":[]},{"ancestorTitles":["","LearningController","side effects"],"fullName":" LearningController side effects should persist word progress to localStorage after answering","status":"passed","title":"should persist word progress to localStorage after answering","duration":1,"failureMessages":[]},{"ancestorTitles":["","LearningController","side effects"],"fullName":" LearningController side effects should update totalWordsSeen when first seeing a word","status":"passed","title":"should update totalWordsSeen when first seeing a word","duration":1,"failureMessages":[]},{"ancestorTitles":["","LearningController","side effects"],"fullName":" LearningController side effects should update totalWordsMastered when word becomes mastered","status":"passed","title":"should update totalWordsMastered when word becomes mastered","duration":2,"failureMessages":[]},{"ancestorTitles":["","LearningController","daily goals"],"fullName":" LearningController daily goals should achieve newWords10 goal after learning 10 words","status":"passed","title":"should achieve newWords10 goal after learning 10 words","duration":2,"failureMessages":[]},{"ancestorTitles":["","LearningController","daily goals"],"fullName":" LearningController daily goals should achieve allThree goal after 3 quizzes","status":"passed","title":"should achieve allThree goal after 3 quizzes","duration":8,"failureMessages":[]},{"ancestorTitles":["","LearningController","daily goals"],"fullName":" LearningController daily goals should achieve accuracy80 goal with 80%+ correct","status":"passed","title":"should achieve accuracy80 goal with 80%+ correct","duration":2,"failureMessages":[]},{"ancestorTitles":["","LearningController","complete user flow"],"fullName":" LearningController complete user flow should handle full daily learning session","status":"passed","title":"should handle full daily learning session","duration":10,"failureMessages":[]},{"ancestorTitles":["","LearningController","parameter passing"],"fullName":" LearningController parameter passing should pass correct isReview flag for review questions","status":"passed","title":"should pass correct isReview flag for review questions","duration":4,"failureMessages":[]},{"ancestorTitles":["","LearningController","parameter passing"],"fullName":" LearningController parameter passing should pass correct isNewWord flag only for first appearance","status":"passed","title":"should pass correct isNewWord flag only for first appearance","duration":4,"failureMessages":[]},{"ancestorTitles":["","LearningController","error handling"],"fullName":" LearningController error handling should return null when no current question","status":"passed","title":"should return null when no current question","duration":1,"failureMessages":[]},{"ancestorTitles":["","LearningController","error handling"],"fullName":" LearningController error handling should return null when daily quota reached","status":"passed","title":"should return null when daily quota reached","duration":5,"failureMessages":[]}],"startTime":1781085809112,"endTime":1781085809177,"status":"passed","message":"","name":"D:/CC/vibe-coding/word-racing/tests/learning-controller.test.js"},{"assertionResults":[{"ancestorTitles":["","Learning System Integration","complete quiz flow via controller"],"fullName":" Learning System Integration complete quiz flow via controller should update all modules when answering questions","status":"passed","title":"should update all modules when answering questions","duration":18,"failureMessages":[]},{"ancestorTitles":["","Learning System Integration","complete quiz flow via controller"],"fullName":" Learning System Integration complete quiz flow via controller should complete full daily learning cycle","status":"passed","title":"should complete full daily learning cycle","duration":13,"failureMessages":[]},{"ancestorTitles":["","Learning System Integration","event flow"],"fullName":" Learning System Integration event flow should emit correct event sequence during quiz","status":"passed","title":"should emit correct event sequence during quiz","duration":3,"failureMessages":[]},{"ancestorTitles":["","Learning System Integration","session resume"],"fullName":" Learning System Integration session resume should restore session context after page reload","status":"passed","title":"should restore session context after page reload","duration":1,"failureMessages":[]},{"ancestorTitles":["","Learning System Integration","edge cases"],"fullName":" Learning System Integration edge cases should handle localStorage full","status":"passed","title":"should handle localStorage full","duration":29,"failureMessages":[]},{"ancestorTitles":["","Learning System Integration","edge cases"],"fullName":" Learning System Integration edge cases should handle corrupted localStorage data","status":"passed","title":"should handle corrupted localStorage data","duration":2,"failureMessages":[]},{"ancestorTitles":["","Learning System Integration","edge cases"],"fullName":" Learning System Integration edge cases should handle completing quiz twice","status":"passed","title":"should handle completing quiz twice","duration":2,"failureMessages":[]},{"ancestorTitles":["","Learning System Integration","edge cases"],"fullName":" Learning System Integration edge cases should handle cross-midnight session","status":"passed","title":"should handle cross-midnight session","duration":1,"failureMessages":[]},{"ancestorTitles":["","Learning System Integration","performance"],"fullName":" Learning System Integration performance should handle large progress data","status":"passed","title":"should handle large progress data","duration":7,"failureMessages":[]},{"ancestorTitles":["","Learning System Integration","goal achievement integration"],"fullName":" Learning System Integration goal achievement integration should correctly track newWords10 goal through full flow","status":"passed","title":"should correctly track newWords10 goal through full flow","duration":13,"failureMessages":[]},{"ancestorTitles":["","Learning System Integration","goal achievement integration"],"fullName":" Learning System Integration goal achievement integration should correctly track accuracy across multiple quizzes","status":"passed","title":"should correctly track accuracy across multiple quizzes","duration":5,"failureMessages":[]}],"startTime":1781085809114,"endTime":1781085809210,"status":"passed","message":"","name":"D:/CC/vibe-coding/word-racing/tests/learning-integration.test.js"},{"assertionResults":[{"ancestorTitles":["","LearningController - 真实断点续答"],"fullName":" LearningController - 真实断点续答 刷新后 resumeSession 应恢复到下一道未答题，而不是新开一套题","status":"passed","title":"刷新后 resumeSession 应恢复到下一道未答题，而不是新开一套题","duration":6,"failureMessages":[]},{"ancestorTitles":["","LearningController - 真实断点续答"],"fullName":" LearningController - 真实断点续答 完整完成套题后刷新不应存在未完成会话","status":"passed","title":"完整完成套题后刷新不应存在未完成会话","duration":3,"failureMessages":[]}],"startTime":1781085846812,"endTime":1781085846821,"status":"passed","message":"","name":"D:/CC/vibe-coding/word-racing/tests/learning-resume.test.js"},{"assertionResults":[{"ancestorTitles":["","ProgressTracker","initialization"],"fullName":" ProgressTracker initialization should initialize with empty progress","status":"passed","title":"should initialize with empty progress","duration":3,"failureMessages":[]},{"ancestorTitles":["","ProgressTracker","initialization"],"fullName":" ProgressTracker initialization should load existing progress from localStorage","status":"passed","title":"should load existing progress from localStorage","duration":1,"failureMessages":[]},{"ancestorTitles":["","ProgressTracker","updateStatus"],"fullName":" ProgressTracker updateStatus should create new progress for first-time word and set to exposed","status":"passed","title":"should create new progress for first-time word and set to exposed","duration":2,"failureMessages":[]},{"ancestorTitles":["","ProgressTracker","updateStatus"],"fullName":" ProgressTracker updateStatus should update simpleCorrect when answering simple mode correctly","status":"passed","title":"should update simpleCorrect when answering simple mode correctly","duration":0,"failureMessages":[]},{"ancestorTitles":["","ProgressTracker","updateStatus"],"fullName":" ProgressTracker updateStatus should update complexCorrect when answering complex mode correctly","status":"passed","title":"should update complexCorrect when answering complex mode correctly","duration":0,"failureMessages":[]},{"ancestorTitles":["","ProgressTracker","updateStatus"],"fullName":" ProgressTracker updateStatus should increment wrong count on incorrect answer","status":"passed","title":"should increment wrong count on incorrect answer","duration":1,"failureMessages":[]},{"ancestorTitles":["","ProgressTracker","status transitions"],"fullName":" ProgressTracker status transitions should transition to simple_passed after simple mode correct","status":"passed","title":"should transition to simple_passed after simple mode correct","duration":0,"failureMessages":[]},{"ancestorTitles":["","ProgressTracker","status transitions"],"fullName":" ProgressTracker status transitions should transition to mastered when both modes correct","status":"passed","title":"should transition to mastered when both modes correct","duration":0,"failureMessages":[]},{"ancestorTitles":["","ProgressTracker","status transitions"],"fullName":" ProgressTracker status transitions should transition to exposed after wrong answer on new word","status":"passed","title":"should transition to exposed after wrong answer on new word","duration":0,"failureMessages":[]},{"ancestorTitles":["","ProgressTracker","status transitions"],"fullName":" ProgressTracker status transitions should transition to forgotten when mastered word is wrong","status":"passed","title":"should transition to forgotten when mastered word is wrong","duration":1,"failureMessages":[]},{"ancestorTitles":["","ProgressTracker","status transitions"],"fullName":" ProgressTracker status transitions should re-master a word after forgetting","status":"passed","title":"should re-master a word after forgetting","duration":0,"failureMessages":[]},{"ancestorTitles":["","ProgressTracker","events"],"fullName":" ProgressTracker events should emit WORD_STATUS_CHANGED on status change","status":"passed","title":"should emit WORD_STATUS_CHANGED on status change","duration":1,"failureMessages":[]},{"ancestorTitles":["","ProgressTracker","events"],"fullName":" ProgressTracker events should emit WORD_MASTERED when word becomes mastered","status":"passed","title":"should emit WORD_MASTERED when word becomes mastered","duration":2,"failureMessages":[]},{"ancestorTitles":["","ProgressTracker","events"],"fullName":" ProgressTracker events should emit WORD_FORGOTTEN when mastered word becomes forgotten","status":"passed","title":"should emit WORD_FORGOTTEN when mastered word becomes forgotten","duration":0,"failureMessages":[]},{"ancestorTitles":["","ProgressTracker","query methods"],"fullName":" ProgressTracker query methods should get wrong words correctly","status":"passed","title":"should get wrong words correctly","duration":1,"failureMessages":[]},{"ancestorTitles":["","ProgressTracker","query methods"],"fullName":" ProgressTracker query methods should clear wrong count when answered correctly","status":"passed","title":"should clear wrong count when answered correctly","duration":0,"failureMessages":[]},{"ancestorTitles":["","ProgressTracker","query methods"],"fullName":" ProgressTracker query methods should not return word in wrong list after correcting","status":"passed","title":"should not return word in wrong list after correcting","duration":0,"failureMessages":[]},{"ancestorTitles":["","ProgressTracker","query methods"],"fullName":" ProgressTracker query methods should get check words correctly","status":"passed","title":"should get check words correctly","duration":1,"failureMessages":[]},{"ancestorTitles":["","ProgressTracker","query methods"],"fullName":" ProgressTracker query methods should get mastered words correctly","status":"passed","title":"should get mastered words correctly","duration":0,"failureMessages":[]},{"ancestorTitles":["","ProgressTracker","query methods"],"fullName":" ProgressTracker query methods should get stats correctly","status":"passed","title":"should get stats correctly","duration":0,"failureMessages":[]},{"ancestorTitles":["","ProgressTracker","persistence"],"fullName":" ProgressTracker persistence should save progress to localStorage","status":"passed","title":"should save progress to localStorage","duration":1,"failureMessages":[]},{"ancestorTitles":["","ProgressTracker","persistence"],"fullName":" ProgressTracker persistence should not save if not dirty","status":"passed","title":"should not save if not dirty","duration":0,"failureMessages":[]},{"ancestorTitles":["","ProgressTracker","persistence"],"fullName":" ProgressTracker persistence should clear all progress","status":"passed","title":"should clear all progress","duration":0,"failureMessages":[]},{"ancestorTitles":["","ProgressTracker","edge cases"],"fullName":" ProgressTracker edge cases should handle unknown word getStatus","status":"passed","title":"should handle unknown word getStatus","duration":0,"failureMessages":[]},{"ancestorTitles":["","ProgressTracker","edge cases"],"fullName":" ProgressTracker edge cases should handle STRATEGY mode (simple)","status":"passed","title":"should handle STRATEGY mode (simple)","duration":0,"failureMessages":[]},{"ancestorTitles":["","ProgressTracker","edge cases"],"fullName":" ProgressTracker edge cases should handle RADIO_MSG mode (complex)","status":"passed","title":"should handle RADIO_MSG mode (complex)","duration":1,"failureMessages":[]},{"ancestorTitles":["","ProgressTracker","edge cases"],"fullName":" ProgressTracker edge cases should handle multiple wrong answers","status":"passed","title":"should handle multiple wrong answers","duration":0,"failureMessages":[]}],"startTime":1781085808929,"endTime":1781085808945,"status":"passed","message":"","name":"D:/CC/vibe-coding/word-racing/tests/progress-tracker.test.js"},{"assertionResults":[{"ancestorTitles":["","QuizSessionManager","startDailySession"],"fullName":" QuizSessionManager startDailySession should create a new session","status":"passed","title":"should create a new session","duration":3,"failureMessages":[]},{"ancestorTitles":["","QuizSessionManager","startDailySession"],"fullName":" QuizSessionManager startDailySession should emit SESSION_START event","status":"passed","title":"should emit SESSION_START event","duration":3,"failureMessages":[]},{"ancestorTitles":["","QuizSessionManager","startDailySession"],"fullName":" QuizSessionManager startDailySession should return null when all quizzes completed","status":"passed","title":"should return null when all quizzes completed","duration":1,"failureMessages":[]},{"ancestorTitles":["","QuizSessionManager","startDailySession"],"fullName":" QuizSessionManager startDailySession should increment quiz number for subsequent sessions","status":"passed","title":"should increment quiz number for subsequent sessions","duration":0,"failureMessages":[]},{"ancestorTitles":["","QuizSessionManager","resumeSession"],"fullName":" QuizSessionManager resumeSession should return null when no session exists","status":"passed","title":"should return null when no session exists","duration":0,"failureMessages":[]},{"ancestorTitles":["","QuizSessionManager","resumeSession"],"fullName":" QuizSessionManager resumeSession should return null for completed session","status":"passed","title":"should return null for completed session","duration":0,"failureMessages":[]},{"ancestorTitles":["","QuizSessionManager","resumeSession"],"fullName":" QuizSessionManager resumeSession should resume incomplete session","status":"passed","title":"should resume incomplete session","duration":1,"failureMessages":[]},{"ancestorTitles":["","QuizSessionManager","resumeSession"],"fullName":" QuizSessionManager resumeSession should emit SESSION_RESUME event","status":"passed","title":"should emit SESSION_RESUME event","duration":1,"failureMessages":[]},{"ancestorTitles":["","QuizSessionManager","hasUnfinishedSession"],"fullName":" QuizSessionManager hasUnfinishedSession should return false initiall
[...]
ender(scene, camera)","duration":17,"failureMessages":[]},{"ancestorTitles":["","Scene3D"],"fullName":" Scene3D resize(w, h) updates camera.aspect and calls renderer.setSize","status":"passed","title":"resize(w, h) updates camera.aspect and calls renderer.setSize","duration":1,"failureMessages":[]},{"ancestorTitles":["","Scene3D"],"fullName":" Scene3D update(deltaTime) is a no-op placeholder that does not throw","status":"passed","title":"update(deltaTime) is a no-op placeholder that does not throw","duration":29,"failureMessages":[]},{"ancestorTitles":["","Scene3D"],"fullName":" Scene3D dispose() calls renderer.dispose() and clears the scene graph","status":"passed","title":"dispose() calls renderer.dispose() and clears the scene graph","duration":8,"failureMessages":[]}],"startTime":1781085845625,"endTime":1781085845781,"status":"passed","message":"","name":"D:/CC/vibe-coding/word-racing/tests/3d/scene-3d.test.js"},{"assertionResults":[{"ancestorTitles":["","createMockGameState"],"fullName":" createMockGameState returns a mock GameState shaped like the real one","status":"passed","title":"returns a mock GameState shaped like the real one","duration":3,"failureMessages":[]},{"ancestorTitles":["","createMockGameState"],"fullName":" createMockGameState meets the 3D track unlock threshold (mastery >= 200)","status":"passed","title":"meets the 3D track unlock threshold (mastery >= 200)","duration":0,"failureMessages":[]},{"ancestorTitles":["","createMockGameState"],"fullName":" createMockGameState has enough fuel for a race","status":"passed","title":"has enough fuel for a race","duration":1,"failureMessages":[]},{"ancestorTitles":["","createMockGameState"],"fullName":" createMockGameState exposes the 3D track as already unlocked","status":"passed","title":"exposes the 3D track as already unlocked","duration":1,"failureMessages":[]},{"ancestorTitles":["","createMockGameState"],"fullName":" createMockGameState provides at least 30 words in wordsFixture","status":"passed","title":"provides at least 30 words in wordsFixture","duration":0,"failureMessages":[]},{"ancestorTitles":["","createMockGameState"],"fullName":" createMockGameState wordsFixture covers every status the bubble system needs","status":"passed","title":"wordsFixture covers every status the bubble system needs","duration":0,"failureMessages":[]},{"ancestorTitles":["","createMockGameState"],"fullName":" createMockGameState each word has the required fields with exposureCount initialized to 0","status":"passed","title":"each word has the required fields with exposureCount initialized to 0","duration":3,"failureMessages":[]},{"ancestorTitles":["","createMockGameState"],"fullName":" createMockGameState returns a fresh object on each call (no shared mutable state)","status":"passed","title":"returns a fresh object on each call (no shared mutable state)","duration":0,"failureMessages":[]}],"startTime":1781085846725,"endTime":1781085846733,"status":"passed","message":"","name":"D:/CC/vibe-coding/word-racing/tests/3d/test-fixtures.test.js"},{"assertionResults":[{"ancestorTitles":["","Track3D collision and progress"],"fullName":" Track3D collision and progress should detect start position as on track","status":"passed","title":"should detect start position as on track","duration":40,"failureMessages":[]},{"ancestorTitles":["","Track3D collision and progress"],"fullName":" Track3D collision and progress should accept car-like object for isOnTrack","status":"passed","title":"should accept car-like object for isOnTrack","duration":55,"failureMessages":[]},{"ancestorTitles":["","Track3D collision and progress"],"fullName":" Track3D collision and progress should detect far point as off track","status":"passed","title":"should detect far point as off track","duration":19,"failureMessages":[]},{"ancestorTitles":["","Track3D collision and progress"],"fullName":" Track3D collision and progress should return nearest distance","status":"passed","title":"should return nearest distance","duration":20,"failureMessages":[]},{"ancestorTitles":["","Track3D collision and progress"],"fullName":" Track3D collision and progress should return progress in [0, 1]","status":"passed","title":"should return progress in [0, 1]","duration":11,"failureMessages":[]},{"ancestorTitles":["","Track3D collision and progress"],"fullName":" Track3D collision and progress should return progress close to 0 at start position","status":"passed","title":"should return progress close to 0 at start position","duration":9,"failureMessages":[]},{"ancestorTitles":["","Track3D collision and progress"],"fullName":" Track3D collision and progress should return false collision for car on track","status":"passed","title":"should return false collision for car on track","duration":7,"failureMessages":[]},{"ancestorTitles":["","Track3D collision and progress"],"fullName":" Track3D collision and progress should return true collision for car off track","status":"passed","title":"should return true collision for car off track","duration":10,"failureMessages":[]}],"startTime":1781085846480,"endTime":1781085846652,"status":"passed","message":"","name":"D:/CC/vibe-coding/word-racing/tests/3d/track-3d-collision.test.js"},{"assertionResults":[{"ancestorTitles":["","Track3D"],"fullName":" Track3D should construct with track data, eventBus, and gameState","status":"passed","title":"should construct with track data, eventBus, and gameState","duration":41,"failureMessages":[]},{"ancestorTitles":["","Track3D"],"fullName":" Track3D should expose TrackInterface metadata getters","status":"passed","title":"should expose TrackInterface metadata getters","duration":28,"failureMessages":[]},{"ancestorTitles":["","Track3D"],"fullName":" Track3D should expose startPos with x, y, and angle","status":"passed","title":"should expose startPos with x, y, and angle","duration":44,"failureMessages":[]},{"ancestorTitles":["","Track3D"],"fullName":" Track3D should expose Three.js scene, camera, and renderer","status":"passed","title":"should expose Three.js scene, camera, and renderer","duration":18,"failureMessages":[]},{"ancestorTitles":["","Track3D"],"fullName":" Track3D should delegate render to Scene3D and ignore canvas ctx","status":"passed","title":"should delegate render to Scene3D and ignore canvas ctx","duration":30,"failureMessages":[]},{"ancestorTitles":["","Track3D"],"fullName":" Track3D should update without throwing","status":"passed","title":"should update without throwing","duration":13,"failureMessages":[]},{"ancestorTitles":["","Track3D"],"fullName":" Track3D should emit track:selected after construction","status":"passed","title":"should emit track:selected after construction","duration":17,"failureMessages":[]}],"startTime":1781085846158,"endTime":1781085846349,"status":"passed","message":"","name":"D:/CC/vibe-coding/word-racing/tests/3d/track-3d.test.js"},{"assertionResults":[{"ancestorTitles":["","TrackBuilder"],"fullName":" TrackBuilder should accept a THREE.Scene in constructor","status":"passed","title":"should accept a THREE.Scene in constructor","duration":22,"failureMessages":[]},{"ancestorTitles":["","TrackBuilder","buildTrack"],"fullName":" TrackBuilder buildTrack should add a road mesh named track-road","status":"passed","title":"should add a road mesh named track-road","duration":36,"failureMessages":[]},{"ancestorTitles":["","TrackBuilder","buildTrack"],"fullName":" TrackBuilder buildTrack should use MeshStandardMaterial with dark color and flatShading","status":"passed","title":"should use MeshStandardMaterial with dark color and flatShading","duration":24,"failureMessages":[]},{"ancestorTitles":["","TrackBuilder","buildTrack"],"fullName":" TrackBuilder buildTrack should generate closed-loop geometry","status":"passed","title":"should generate closed-loop geometry","duration":14,"failureMessages":[]},{"ancestorTitles":["","TrackBuilder","addBarriers"],"fullName":" TrackBuilder addBarriers should add barrier meshes","status":"passed","title":"should add barrier meshes","duration":27,"failureMessages":[]},{"ancestorTitles":["","TrackBuilder","addBarriers"],"fullName":" TrackBuilder addBarriers should leave the start-finish area clear on closed tracks","status":"passed","title":"should leave the start-finish area clear on closed tracks","duration":92,"failureMessages":[]},{"ancestorTitles":["","TrackBuilder","addKerbs"],"fullName":" TrackBuilder addKerbs should add kerb meshes","status":"passed","title":"should add kerb meshes","duration":9,"failureMessages":[]},{"ancestorTitles":["","TrackBuilder","addKerbs"],"fullName":" TrackBuilder addKerbs should leave the start-finish area clear of kerb blocks on closed tracks","status":"passed","title":"should leave the start-finish area clear of kerb blocks on closed tracks","duration":33,"failureMessages":[]},{"ancestorTitles":["","TrackBuilder","addStartFinishLine"],"fullName":" TrackBuilder addStartFinishLine should add one textured start-finish mesh above the road","status":"passed","title":"should add one textured start-finish mesh above the road","duration":10,"failureMessages":[]},{"ancestorTitles":["","TrackBuilder","update"],"fullName":" TrackBuilder update should not throw","status":"passed","title":"should not throw","duration":15,"failureMessages":[]}],"startTime":1781085831125,"endTime":1781085831421,"status":"passed","message":"","name":"D:/CC/vibe-coding/word-racing/tests/3d/track-builder.test.js"},{"assertionResults":[{"ancestorTitles":["","AI_CONFIG","PERSONALITIES"],"fullName":" AI_CONFIG PERSONALITIES should have aggressive personality","status":"passed","title":"should have aggressive personality","duration":13,"failureMessages":[]},{"ancestorTitles":["","AI_CONFIG","PERSONALITIES"],"fullName":" AI_CONFIG PERSONALITIES should have balanced personality","status":"passed","title":"should have balanced personality","duration":12,"failureMessages":[]},{"ancestorTitles":["","AI_CONFIG","PERSONALITIES"],"fullName":" AI_CONFIG PERSONALITIES should have conservative personality","status":"passed","title":"should have conservative personality","duration":0,"failureMessages":[]},{"ancestorTitles":["","AI_CONFIG","PERSONALITIES"],"fullName":" AI_CONFIG PERSONALITIES should have all required fields for each personality","status":"passed","title":"should have all required fields for each personality","duration":12,"failureMessages":[]},{"ancestorTitles":["","AI_CONFIG","PERSONALITIES"],"fullName":" AI_CONFIG PERSONALITIES should have correct speed multiplier order","status":"passed","title":"should have correct speed multiplier order","duration":5,"failureMessages":[]},{"ancestorTitles":["","AI_CONFIG","PERSONALITIES"],"fullName":" AI_CONFIG PERSONALITIES should have correct mistake probability order","status":"passed","title":"should have correct mistake probability order","duration":12,"failureMessages":[]},{"ancestorTitles":["","AI_CONFIG","PERSONALITIES"],"fullName":" AI_CONFIG PERSONALITIES should have correct lookahead distance order","status":"passed","title":"should have correct lookahead distance order","duration":0,"failureMessages":[]},{"ancestorTitles":["","AI_CONFIG","PERSONALITIES"],"fullName":" AI_CONFIG PERSONALITIES should have probability values in [0, 1]","status":"passed","title":"should have probability values in [0, 1]","duration":2,"failureMessages":[]},{"ancestorTitles":["","AI_CONFIG","PERSONALITIES"],"fullName":" AI_CONFIG PERSONALITIES should have speed multiplier in reasonable range [0.8, 1.2]","status":"passed","title":"should have speed multiplier in reasonable range [0.8, 1.2]","duration":0,"failureMessages":[]},{"ancestorTitles":["","AI_CONFIG","PATH_FOLLOWING"],"fullName":" AI_CONFIG PATH_FOLLOWING should have lookahead distance","status":"passed","title":"should have lookahead distance","duration":18,"failureMessages":[]},{"ancestorTitles":["","AI_CONFIG","PATH_FOLLOWING"],"fullName":" AI_CONFIG PATH_FOLLOWING should have offset range","status":"passed","title":"should have offset range","duration":0,"failureMessages":[]},{"ancestorTitles":["","AI_CONFIG","RECOVERY"],"fullName":" AI_CONFIG RECOVERY should have duration","status":"passed","title":"should have duration","duration":0,"failureMessages":[]},{"ancestorTitles":["","AI_CONFIG","RECOVERY"],"fullName":" AI_CONFIG RECOVERY should have speed reduction","status":"passed","title":"should have speed reduction","duration":1,"failureMessages":[]}],"startTime":1781085843670,"endTime":1781085843747,"status":"passed","message":"","name":"D:/CC/vibe-coding/word-racing/tests/config/ai-config.test.js"},{"assertionResults":[{"ancestorTitles":["","成就解锁集成流程","completeQuiz 触发成就检查"],"fullName":" 成就解锁集成流程 completeQuiz 触发成就检查 完成第一套题后应解锁 first-quiz 成就","status":"passed","title":"完成第一套题后应解锁 first-quiz 成就","duration":162,"failureMessages":[]},{"ancestorTitles":["","成就解锁集成流程","completeQuiz 触发成就检查"],"fullName":" 成就解锁集成流程 completeQuiz 触发成就检查 解锁 first-quiz 成就时应解锁 shanghai-2d 赛道","status":"passed","title":"解锁 first-quiz 成就时应解锁 shanghai-2d 赛道","duration":19,"failureMessages":[]},{"ancestorTitles":["","成就解锁集成流程","completeQuiz 触发成就检查"],"fullName":" 成就解锁集成流程 completeQuiz 触发成就检查 完成第一套题应将 totalQuizzes 累加到 1","status":"passed","title":"完成第一套题应将 totalQuizzes 累加到 1","duration":25,"failureMessages":[]},{"ancestorTitles":["","成就解锁集成流程","完美连击成就"],"fullName":" 成就解锁集成流程 完美连击成就 单套题全对应解锁 perfect-streak 成就并发放金币","status":"passed","title":"单套题全对应解锁 perfect-streak 成就并发放金币","duration":43,"failureMessages":[]},{"ancestorTitles":["","成就解锁集成流程","完美连击成就"],"fullName":" 成就解锁集成流程 完美连击成就 单套题不全对不应解锁 perfect-streak 成就","status":"passed","title":"单套题不全对不应解锁 perfect-streak 成就","duration":21,"failureMessages":[]},{"ancestorTitles":["","成就解锁集成流程","完美连击成就"],"fullName":" 成就解锁集成流程 完美连击成就 上一套全对后下一套不全对应重置 lastPerfectQuiz","status":"passed","title":"上一套全对后下一套不全对应重置 lastPerfectQuiz","duration":64,"failureMessages":[]},{"ancestorTitles":["","成就解锁集成流程","成就事件发送"],"fullName":" 成就解锁集成流程 成就事件发送 解锁成就时应发送 ACHIEVEMENT_UNLOCKED 事件","status":"passed","title":"解锁成就时应发送 ACHIEVEMENT_UNLOCKED 事件","duration":67,"failureMessages":[]},{"ancestorTitles":["","成就解锁集成流程","避免重复解锁"],"fullName":" 成就解锁集成流程 避免重复解锁 多次完成套题不应重复解锁同一成就","status":"passed","title":"多次完成套题不应重复解锁同一成就","duration":71,"failureMessages":[]},{"ancestorTitles":["","成就解锁集成流程","AchievementManager 访问器"],"fullName":" 成就解锁集成流程 AchievementManager 访问器 应通过 controller.achievementManager 暴露管理器","status":"passed","title":"应通过 controller.achievementManager 暴露管理器","duration":12,"failureMessages":[]},{"ancestorTitles":["","成就解锁集成流程","AchievementManager 访问器"],"fullName":" 成就解锁集成流程 AchievementManager 访问器 getAllStatus 应能正确返回成就状态","status":"passed","title":"getAllStatus 应能正确返回成就状态","duration":27,"failureMessages":[]},{"ancestorTitles":["","成就解锁集成流程","totalCorrect 统计"],"fullName":" 成就解锁集成流程 totalCorrect 统计 全对一套题应累加 totalCorrect","status":"passed","title":"全对一套题应累加 totalCorrect","duration":45,"failureMessages":[]},{"ancestorTitles":["","成就解锁集成流程","totalCorrect 统计"],"fullName":" 成就解锁集成流程 totalCorrect 统计 totalQuestions 应累加 QUIZ_QUESTION_COUNT","status":"passed","title":"totalQuestions 应累加 QUIZ_QUESTION_COUNT","duration":27,"failureMessages":[]}],"startTime":1781085821202,"endTime":1781085821787,"status":"passed","message":"","name":"D:/CC/vibe-coding/word-racing/tests/integration/achievement-flow.test.js"},{"assertionResults":[{"ancestorTitles":["","Game 3D integration"],"fullName":" Game 3D integration should use injected shared EventBus for race finish events","status":"passed","title":"should use injected shared EventBus for race finish events","duration":107,"failureMessages":[]},{"ancestorTitles":["","Game 3D integration"],"fullName":" Game 3D integration should prepare 2D races through async continueToRace without changing behavior","status":"passed","title":"should prepare 2D races through async continueToRace without changing behavior","duration":34,"failureMessages":[]},{"ancestorTitles":["","Game 3D integration"],"fullName":" Game 3D integration should not double deduct while race preparation is pending","status":"passed","title":"should not double deduct while race preparation is pending","duration":13,"failureMessages":[]},{"ancestorTitles":["","Game 3D integration"],"fullName":" Game 3D integration should prepare a 3D race with player, AI cars, ranking, and shared state","status":"passed","title":"should prepare a 3D race with player, AI cars, ranking, and shared state","duration":1500,"failureMessages":[]},{"ancestorTitles":["","Game 3D integration"],"fullName":" Game 3D integration should update, render, and finish 3D races with ranking payload","status":"passed","title":"should update, render, and finish 3D races with ranking payload","duration":475,"failureMessages":[]},{"ancestorTitles":["","Game 3D integration"],"fullName":" Game 3D integration should block 3D race when feature flag is disabled and keep cost unchanged","status":"passed","title":"should block 3D race when feature flag is disabled and keep cost unchanged","duration":11,"failureMessages":[]},{"ancestorTitles":["","Game 3D integration"],"fullName":" Game 3D integration should refund 3D race cost if renderer creation fails","status":"passed","title":"should refund 3D race cost if renderer creation fails","duration":35,"failureMessages":[]},{"ancestorTitles":["","Game 3D integration"],"fullName":" Game 3D integration should dispose 3D session when exiting race","status":"passed","title":"should dispose 3D session when exiting race","duration":307,"failureMessages":[]}],"startTime":1781085817859,"endTime":1781085820342,"status":"passed","message":"","name":"D:/CC/vibe-coding/word-racing/tests/integration/game-3d-integration.test.js"},{"assertionResults":[{"ancestorTitles":["","Track System Integration","完整流程"],"fullName":" Track System Integration 完整流程 应该完成完整的赛道选择和开始比赛流程","status":"passed","title":"应该完成完整的赛道选择和开始比赛流程","duration":108,"failureMessages":[]},{"ancestorTitles":["","Track System Integration","完整流程"],"fullName":" Track System Integration 完整流程 应该正确扣除不同赛道的金币","status":"passed","title":"应该正确扣除不同赛道的金币","duration":15,"failureMessages":[]},{"ancestorTitles":["","Track System Integration","错误场景"],"fullName":" Track System Integration 错误场景 应该阻止选择未解锁的赛道","status":"passed","title":"应该阻止选择未解锁的赛道","duration":22,"failureMessages":[]},{"ancestorTitles":["","Track System Integration","错误场景"],"fullName":" Track System Integration 错误场景 应该阻止金币不足时开始比赛","status":"failed","title":"应该阻止金币不足时开始比赛","duration":143,"failureMessages":["expected [Function] to throw an error"],"location":{"line":111,"column":38}},{"ancestorTitles":["","Track System Integration","错误场景"],"fullName":" Track System Integration 错误场景 应该在金币恰好等于 cost 时允许开始比赛","status":"passed","title":"应该在金币恰好等于 cost 时允许开始比赛","duration":15,"failureMessages":[]},{"ancestorTitles":["","Track System Integration","Manager 集成"],"fullName":" Track System Integration Manager 集成 Game 类应该正确使用所有 Manager","status":"passed","title":"Game 类应该正确使用所有 Manager","duration":135,"failureMessages":[]},{"ancestorTitles":["","Track System Integration","Manager 集成"],"fullName":" Track System Integration Manager 集成 Manager 应该共享同一个 GameState","status":"passed","title":"Manager 应该共享同一个 GameState","duration":2,"failureMessages":[]},{"ancestorTitles":["","Track System Integration","FeatureFlags 控制"],"fullName":" Track System Integration FeatureFlags 控制 FeatureFlags 禁用时应该隐藏赛道","status":"passed","title":"FeatureFlags 禁用时应该隐藏赛道","duration":8,"failureMessages":[]},{"ancestorTitles":["","Track System Integration","FeatureFlags 控制"],"fullName":" Track System Integration FeatureFlags 控制 FeatureFlags 启用时应该显示赛道","status":"passed","title":"FeatureFlags 启用时应该显示赛道","duration":14,"failureMessages":[]},{"ancestorTitles":["","Track System Integration","数据一致性"],"fullName":" Track System Integration 数据一致性 赛道创建失败时应该退款","status":"passed","title":"赛道创建失败时应该退款","duration":12,"failureMessages":[]}],"startTime":1781085820380,"endTime":1781085820868,"status":"failed","message":"","name":"D:/CC/vibe-coding/word-racing/tests/integration/track-flow.test.js"}]}